#
# There is insufficient memory for the Java Runtime Environment to continue.
# Native memory allocation (malloc) failed to allocate 1337792 bytes. Error detail: Chunk::new
# Possible reasons:
#   The system is out of physical RAM or swap space
#   This process is running with CompressedOops enabled, and the Java Heap may be blocking the growth of the native heap
# Possible solutions:
#   Reduce memory load on the system
#   Increase physical memory or swap space
#   Check if swap backing store is full
#   Decrease Java heap size (-Xmx/-Xms)
#   Decrease number of Java threads
#   Decrease Java thread stack sizes (-Xss)
#   Set larger code cache with -XX:ReservedCodeCacheSize=
#   JVM is running with Unscaled Compressed Oops mode in which the Java heap is
#     placed in the first 4GB address space. The Java Heap base address is the
#     maximum limit for the native heap growth. Please use -XX:HeapBaseMinAddress
#     to set the Java Heap base and to place the Java Heap above 4GB virtual address.
# This output file may be truncated or incomplete.
#
#  Out of Memory Error (arena.cpp:168), pid=9956, tid=12804
#
# JRE version: OpenJDK Runtime Environment Temurin-21.0.10+7 (21.0.10+7) (build 21.0.10+7-LTS)
# Java VM: OpenJDK 64-Bit Server VM Temurin-21.0.10+7 (21.0.10+7-LTS, mixed mode, sharing, tiered, compressed oops, compressed class ptrs, parallel gc, windows-amd64)
# No core dump will be written. Minidumps are not enabled by default on client versions of Windows
#

---------------  S U M M A R Y ------------

Command Line: --add-modules=ALL-SYSTEM --add-opens=java.base/java.util=ALL-UNNAMED --add-opens=java.base/java.lang=ALL-UNNAMED --add-opens=java.base/sun.nio.fs=ALL-UNNAMED -Declipse.application=org.eclipse.jdt.ls.core.id1 -Dosgi.bundles.defaultStartLevel=4 -Declipse.product=org.eclipse.jdt.ls.core.product -Djava.import.generatesMetadataFilesAtProjectRoot=false -DDetectVMInstallationsJob.disabled=true -Dfile.encoding=utf8 -XX:+UseParallelGC -XX:GCTimeRatio=4 -XX:AdaptiveSizePolicyWeight=90 -Dsun.zip.disableMemoryMapping=true -Xmx2G -Xms100m -Xlog:disable -javaagent:c:\Users\jaide\.vscode\extensions\redhat.java-1.54.0-win32-x64\lombok\lombok-1.18.39-4050.jar -XX:+HeapDumpOnOutOfMemoryError -XX:HeapDumpPath=c:\Users\jaide\AppData\Roaming\Code\User\workspaceStorage\94058e322d666332ccf250e53747a0c0\redhat.java -Daether.dependencyCollector.impl=bf c:\Users\jaide\.vscode\extensions\redhat.java-1.54.0-win32-x64\server\plugins\org.eclipse.equinox.launcher_1.7.100.v20251111-0406.jar -configuration c:\Users\jaide\AppData\Roaming\Code\User\globalStorage\redhat.java\1.54.0\config_win -data c:\Users\jaide\AppData\Roaming\Code\User\workspaceStorage\94058e322d666332ccf250e53747a0c0\redhat.java\jdt_ws --pipe=\\.\pipe\lsp-9a9e2791869f6046a621e06c164dee2d-sock

Host: Intel(R) Celeron(R) N4020 CPU @ 1.10GHz, 2 cores, 3G,  Windows 11 , 64 bit Build 22621 (10.0.22621.5415)
Time: Tue Jun 23 00:28:41 2026 Hora est. Pac璗ico, Sudam廨ica elapsed time: 50.239550 seconds (0d 0h 0m 50s)

---------------  T H R E A D  ---------------

Current thread (0x00000185a98245d0):  JavaThread "C2 CompilerThread0" daemon [_thread_in_native, id=12804, stack(0x0000000bcfe00000,0x0000000bcff00000) (1024K)]


Current CompileTask:
C2:50239 5410       4       org.eclipse.osgi.internal.loader.BundleLoader::addExportedProvidersFor (167 bytes)

Stack: [0x0000000bcfe00000,0x0000000bcff00000]
Native frames: (J=compiled Java code, j=interpreted, Vv=VM code, C=native code)
V  [jvm.dll+0x6d7a39]
V  [jvm.dll+0x8b4b26]
V  [jvm.dll+0x8b70de]
V  [jvm.dll+0x8b77c3]
V  [jvm.dll+0x284346]
V  [jvm.dll+0xc66ed]
V  [jvm.dll+0xc6c31]
V  [jvm.dll+0x3bec3b]
V  [jvm.dll+0x38b162]
V  [jvm.dll+0x38a5aa]
V  [jvm.dll+0x24c560]
V  [jvm.dll+0x24bb40]
V  [jvm.dll+0x1cb34e]
V  [jvm.dll+0x25b85d]
V  [jvm.dll+0x259dea]
V  [jvm.dll+0x3f857e]
V  [jvm.dll+0x85f59d]
V  [jvm.dll+0x6d626d]
C  [ucrtbase.dll+0x29333]
C  [KERNEL32.DLL+0x1259d]
C  [ntdll.dll+0x5af78]


---------------  P R O C E S S  ---------------

Threads class SMR info:
_java_thread_list=0x0000018606daf320, length=25, elements={
0x00000185a996f8f0, 0x00000185a98193f0, 0x00000185a981bfb0, 0x00000185a981ded0,
0x00000185a981edf0, 0x00000185a981fd10, 0x00000185a9823790, 0x00000185a98245d0,
0x00000185a9894cd0, 0x00000185c0956fb0, 0x00000185c0ae5250, 0x00000185c0988190,
0x00000185c092a370, 0x000001860640cba0, 0x00000185c0c204c0, 0x00000186065c6110,
0x0000018606835090, 0x0000018606abf760, 0x000001860682bfd0, 0x000001860682d380,
0x000001860682da10, 0x000001860682e0a0, 0x000001860682ccf0, 0x000001860682edc0,
0x000001860682f450
}

Java Threads: ( => current thread )
  0x00000185a996f8f0 JavaThread "main"                              [_thread_blocked, id=7400, stack(0x0000000bcf400000,0x0000000bcf500000) (1024K)]
  0x00000185a98193f0 JavaThread "Reference Handler"          daemon [_thread_blocked, id=12380, stack(0x0000000bcf800000,0x0000000bcf900000) (1024K)]
  0x00000185a981bfb0 JavaThread "Finalizer"                  daemon [_thread_blocked, id=12724, stack(0x0000000bcf900000,0x0000000bcfa00000) (1024K)]
  0x00000185a981ded0 JavaThread "Signal Dispatcher"          daemon [_thread_blocked, id=1500, stack(0x0000000bcfa00000,0x0000000bcfb00000) (1024K)]
  0x00000185a981edf0 JavaThread "Attach Listener"            daemon [_thread_blocked, id=9376, stack(0x0000000bcfb00000,0x0000000bcfc00000) (1024K)]
  0x00000185a981fd10 JavaThread "Service Thread"             daemon [_thread_blocked, id=8304, stack(0x0000000bcfc00000,0x0000000bcfd00000) (1024K)]
  0x00000185a9823790 JavaThread "Monitor Deflation Thread"   daemon [_thread_blocked, id=12808, stack(0x0000000bcfd00000,0x0000000bcfe00000) (1024K)]
=>0x00000185a98245d0 JavaThread "C2 CompilerThread0"         daemon [_thread_in_native, id=12804, stack(0x0000000bcfe00000,0x0000000bcff00000) (1024K)]
  0x00000185a9894cd0 JavaThread "C1 CompilerThread0"         daemon [_thread_blocked, id=12596, stack(0x0000000bcff00000,0x0000000bd0000000) (1024K)]
  0x00000185c0956fb0 JavaThread "Common-Cleaner"             daemon [_thread_blocked, id=10596, stack(0x0000000bd0000000,0x0000000bd0100000) (1024K)]
  0x00000185c0ae5250 JavaThread "Notification Thread"        daemon [_thread_blocked, id=12100, stack(0x0000000bd0100000,0x0000000bd0200000) (1024K)]
  0x00000185c0988190 JavaThread "Active Thread: Equinox Container: af892665-f1a4-4203-ad37-7ade98c969bc"        [_thread_blocked, id=6836, stack(0x0000000bd0300000,0x0000000bd0400000) (1024K)]
  0x00000185c092a370 JavaThread "Refresh Thread: Equinox Container: af892665-f1a4-4203-ad37-7ade98c969bc" daemon [_thread_blocked, id=5896, stack(0x0000000bd0400000,0x0000000bd0500000) (1024K)]
  0x000001860640cba0 JavaThread "Framework Event Dispatcher: Equinox Container: af892665-f1a4-4203-ad37-7ade98c969bc" daemon [_thread_blocked, id=12868, stack(0x0000000bd0500000,0x0000000bd0600000) (1024K)]
  0x00000185c0c204c0 JavaThread "Start Level: Equinox Container: af892665-f1a4-4203-ad37-7ade98c969bc" daemon [_thread_in_Java, id=5836, stack(0x0000000bd0600000,0x0000000bd0700000) (1024K)]
  0x00000186065c6110 JavaThread "Bundle File Closer"         daemon [_thread_blocked, id=6376, stack(0x0000000bd0700000,0x0000000bd0800000) (1024K)]
  0x0000018606835090 JavaThread "SCR Component Actor"        daemon [_thread_blocked, id=8956, stack(0x0000000bd0800000,0x0000000bd0900000) (1024K)]
  0x0000018606abf760 JavaThread "Worker-JM"                         [_thread_blocked, id=2744, stack(0x0000000bd0900000,0x0000000bd0a00000) (1024K)]
  0x000001860682bfd0 JavaThread "JNA Cleaner"                daemon [_thread_blocked, id=13080, stack(0x0000000bd0a00000,0x0000000bd0b00000) (1024K)]
  0x000001860682d380 JavaThread "Worker-0: Repository registry initialization"        [_thread_in_vm, id=12372, stack(0x0000000bd0b00000,0x0000000bd0c00000) (1024K)]
  0x000001860682da10 JavaThread "Worker-1"                          [_thread_blocked, id=7576, stack(0x0000000bd0c00000,0x0000000bd0d00000) (1024K)]
  0x000001860682e0a0 JavaThread "Worker-2: Updating Maven Dependencies"        [_thread_blocked, id=3984, stack(0x0000000bd0d00000,0x0000000bd0e00000) (1024K)]
  0x000001860682ccf0 JavaThread "Worker-3: Processing Java changes since last activation"        [_thread_blocked, id=7452, stack(0x0000000bd0e00000,0x0000000bd0f00000) (1024K)]
  0x000001860682edc0 JavaThread "Worker-4: Building"                [_thread_in_native, id=12748, stack(0x0000000bd0f00000,0x0000000bd1000000) (1024K)]
  0x000001860682f450 JavaThread "Java indexing"              daemon [_thread_blocked, id=13076, stack(0x0000000bd1000000,0x0000000bd1100000) (1024K)]
Total: 25

Other Threads:
  0x00000185a9a2e450 VMThread "VM Thread"                           [id=1612, stack(0x0000000bcf700000,0x0000000bcf800000) (1024K)]
  0x00000185a97fcb00 WatcherThread "VM Periodic Task Thread"        [id=12188, stack(0x0000000bcf600000,0x0000000bcf700000) (1024K)]
  0x00000185a998d970 WorkerThread "GC Thread#0"                     [id=13216, stack(0x0000000bcf500000,0x0000000bcf600000) (1024K)]
  0x00000185c0b74120 WorkerThread "GC Thread#1"                     [id=6380, stack(0x0000000bd0200000,0x0000000bd0300000) (1024K)]
Total: 4

Threads with active compile tasks:
C2 CompilerThread0  50291 5410       4       org.eclipse.osgi.internal.loader.BundleLoader::addExportedProvidersFor (167 bytes)
Total: 1

VM state: not at safepoint (normal execution)

VM Mutex/Monitor currently owned by a thread: None

Heap address: 0x0000000080000000, size: 2048 MB, Compressed Oops mode: 32-bit

CDS archive(s) mapped at: [0x00000185c1000000-0x00000185c1ba0000-0x00000185c1ba0000), size 12189696, SharedBaseAddress: 0x00000185c1000000, ArchiveRelocationMode: 1.
Compressed class space mapped at: 0x00000185c2000000-0x0000018602000000, reserved size: 1073741824
Narrow klass base: 0x00000185c1000000, Narrow klass shift: 0, Narrow klass range: 0x100000000

GC Precious Log:
 CardTable entry size: 512
 CPUs: 2 total, 2 available
 Memory: 3858M
 Large Page Support: Disabled
 NUMA Support: Disabled
 Compressed Oops: Enabled (32-bit)
 Alignments: Space 512K, Generation 512K, Heap 2M
 Heap Min Capacity: 100M
 Heap Initial Capacity: 100M
 Heap Max Capacity: 2G
 Pre-touch: Disabled
 Parallel Workers: 2

Heap:
 PSYoungGen      total 24576K, used 12547K [0x00000000d5580000, 0x00000000d7000000, 0x0000000100000000)
  eden space 22016K, 56% used [0x00000000d5580000,0x00000000d61c0f30,0x00000000d6b00000)
  from space 2560K, 0% used [0x00000000d6b00000,0x00000000d6b00000,0x00000000d6d80000)
  to   space 1536K, 0% used [0x00000000d6e80000,0x00000000d6e80000,0x00000000d7000000)
 ParOldGen       total 68608K, used 19281K [0x0000000080000000, 0x0000000084300000, 0x00000000d5580000)
  object space 68608K, 28% used [0x0000000080000000,0x00000000812d47c0,0x0000000084300000)
 Metaspace       used 36697K, committed 37632K, reserved 1114112K
  class space    used 3774K, committed 4224K, reserved 1048576K

Card table byte_map: [0x00000185a9310000,0x00000185a9720000] _byte_map_base: 0x00000185a8f10000

Marking Bits: (ParMarkBitMap*) 0x00007ffa1e273450
 Begin Bits: [0x00000185bbe20000, 0x00000185bde20000)
 End Bits:   [0x00000185bde20000, 0x00000185bfe20000)

Polling page: 0x00000185a7790000

Metaspace:

Usage:
  Non-class:     32.15 MB used.
      Class:      3.69 MB used.
       Both:     35.84 MB used.

Virtual space:
  Non-class space:       64.00 MB reserved,      32.62 MB ( 51%) committed,  1 nodes.
      Class space:        1.00 GB reserved,       4.12 MB ( <1%) committed,  1 nodes.
             Both:        1.06 GB reserved,      36.75 MB (  3%) committed. 

Chunk freelists:
   Non-Class:  14.75 MB
       Class:  11.74 MB
        Both:  26.49 MB

MaxMetaspaceSize: unlimited
CompressedClassSpaceSize: 1.00 GB
Initial GC threshold: 21.00 MB
Current GC threshold: 58.38 MB
CDS: on
 - commit_granule_bytes: 65536.
 - commit_granule_words: 8192.
 - virtual_space_node_default_size: 8388608.
 - enlarge_chunks_in_place: 1.
 - use_allocation_guard: 0.


Internal statistics:

num_allocs_failed_limit: 6.
num_arena_births: 744.
num_arena_deaths: 18.
num_vsnodes_births: 2.
num_vsnodes_deaths: 0.
num_space_committed: 588.
num_space_uncommitted: 0.
num_chunks_returned_to_freelist: 26.
num_chunks_taken_from_freelist: 2308.
num_chunk_merges: 10.
num_chunk_splits: 1463.
num_chunks_enlarged: 871.
num_inconsistent_stats: 0.

CodeHeap 'non-profiled nmethods': size=120064Kb used=2468Kb max_used=2797Kb free=117595Kb
 bounds [0x00000185b4630000, 0x00000185b48f0000, 0x00000185bbb70000]
CodeHeap 'profiled nmethods': size=120000Kb used=10214Kb max_used=11678Kb free=109785Kb
 bounds [0x00000185acb70000, 0x00000185ad6e0000, 0x00000185b40a0000]
CodeHeap 'non-nmethods': size=5696Kb used=1344Kb max_used=1387Kb free=4351Kb
 bounds [0x00000185b40a0000, 0x00000185b4310000, 0x00000185b4630000]
CodeCache: size=245760Kb, used=14026Kb, max_used=15862Kb, free=231731Kb
 total_blobs=5432, nmethods=4787, adapters=552, full_count=0
Compilation: enabled, stopped_count=0, restarted_count=0

Compilation events (20 events):
Event: 50.071 Thread 0x00000185a9894cd0 5414       1       java.util.stream.Collectors$CollectorImpl::combiner (5 bytes)
Event: 50.071 Thread 0x00000185a9894cd0 nmethod 5414 0x00000185b4795990 code [0x00000185b4795b20, 0x00000185b4795be8]
Event: 50.199 Thread 0x00000185a9894cd0 5415       3       java.util.Locale::hashCode (41 bytes)
Event: 50.199 Thread 0x00000185a9894cd0 nmethod 5415 0x00000185accffa90 code [0x00000185accffc60, 0x00000185accffe60]
Event: 50.215 Thread 0x00000185a9894cd0 5417       3       java.lang.invoke.DelegatingMethodHandle::<init> (10 bytes)
Event: 50.215 Thread 0x00000185a9894cd0 nmethod 5417 0x00000185acb83e90 code [0x00000185acb84060, 0x00000185acb84420]
Event: 50.222 Thread 0x00000185a9894cd0 5418       3       java.util.TreeMap::addEntry (59 bytes)
Event: 50.223 Thread 0x00000185a9894cd0 nmethod 5418 0x00000185acbaad10 code [0x00000185acbaaee0, 0x00000185acbab238]
Event: 50.223 Thread 0x00000185a9894cd0 5419       3       java.lang.String$CaseInsensitiveComparator::compare (13 bytes)
Event: 50.223 Thread 0x00000185a9894cd0 nmethod 5419 0x00000185ace28c10 code [0x00000185ace28de0, 0x00000185ace29118]
Event: 50.224 Thread 0x00000185a9894cd0 5420       3       java.lang.String$CaseInsensitiveComparator::compare (68 bytes)
Event: 50.224 Thread 0x00000185a9894cd0 nmethod 5420 0x00000185acbcf610 code [0x00000185acbcf820, 0x00000185acbcfca8]
Event: 50.232 Thread 0x00000185a9894cd0 5421       3       java.util.TreeMap::rotateLeft (96 bytes)
Event: 50.232 Thread 0x00000185a9894cd0 nmethod 5421 0x00000185ad08a290 code [0x00000185ad08a440, 0x00000185ad08a730]
Event: 50.232 Thread 0x00000185a9894cd0 5422       3       java.util.TreeMap::putIfAbsent (8 bytes)
Event: 50.233 Thread 0x00000185a9894cd0 nmethod 5422 0x00000185ad0c9490 code [0x00000185ad0c9640, 0x00000185ad0c9780]
Event: 50.234 Thread 0x00000185a9894cd0 5425       3       java.util.TreeMap::rotateRight (96 bytes)
Event: 50.234 Thread 0x00000185a9894cd0 nmethod 5425 0x00000185ad0be190 code [0x00000185ad0be340, 0x00000185ad0be630]
Event: 50.235 Thread 0x00000185a9894cd0 5426       2       jdk.internal.jimage.ImageReader::requireOpen (18 bytes)
Event: 50.235 Thread 0x00000185a9894cd0 nmethod 5426 0x00000185ad01e890 code [0x00000185ad01ea40, 0x00000185ad01ec18]

GC Heap History (20 events):
Event: 39.853 GC heap before
{Heap before GC invocations=8 (full 0):
 PSYoungGen      total 28672K, used 5315K [0x00000000d5580000, 0x00000000d7700000, 0x0000000100000000)
  eden space 24064K, 4% used [0x00000000d5580000,0x00000000d568a960,0x00000000d6d00000)
  from space 4608K, 92% used [0x00000000d6e00000,0x00000000d7226598,0x00000000d7280000)
  to   space 4608K, 0% used [0x00000000d7280000,0x00000000d7280000,0x00000000d7700000)
 ParOldGen       total 68608K, used 9330K [0x0000000080000000, 0x0000000084300000, 0x00000000d5580000)
  object space 68608K, 13% used [0x0000000080000000,0x000000008091ca30,0x0000000084300000)
 Metaspace       used 20692K, committed 21504K, reserved 1114112K
  class space    used 2158K, committed 2496K, reserved 1048576K
}
Event: 39.862 GC heap after
{Heap after GC invocations=8 (full 0):
 PSYoungGen      total 28160K, used 4016K [0x00000000d5580000, 0x00000000d7680000, 0x0000000100000000)
  eden space 24064K, 0% used [0x00000000d5580000,0x00000000d5580000,0x00000000d6d00000)
  from space 4096K, 98% used [0x00000000d7280000,0x00000000d766c358,0x00000000d7680000)
  to   space 4608K, 0% used [0x00000000d6d80000,0x00000000d6d80000,0x00000000d7200000)
 ParOldGen       total 68608K, used 9591K [0x0000000080000000, 0x0000000084300000, 0x00000000d5580000)
  object space 68608K, 13% used [0x0000000080000000,0x000000008095dea0,0x0000000084300000)
 Metaspace       used 20692K, committed 21504K, reserved 1114112K
  class space    used 2158K, committed 2496K, reserved 1048576K
}
Event: 39.862 GC heap before
{Heap before GC invocations=9 (full 1):
 PSYoungGen      total 28160K, used 4016K [0x00000000d5580000, 0x00000000d7680000, 0x0000000100000000)
  eden space 24064K, 0% used [0x00000000d5580000,0x00000000d5580000,0x00000000d6d00000)
  from space 4096K, 98% used [0x00000000d7280000,0x00000000d766c358,0x00000000d7680000)
  to   space 4608K, 0% used [0x00000000d6d80000,0x00000000d6d80000,0x00000000d7200000)
 ParOldGen       total 68608K, used 9591K [0x0000000080000000, 0x0000000084300000, 0x00000000d5580000)
  object space 68608K, 13% used [0x0000000080000000,0x000000008095dea0,0x0000000084300000)
 Metaspace       used 20692K, committed 21504K, reserved 1114112K
  class space    used 2158K, committed 2496K, reserved 1048576K
}
Event: 39.963 GC heap after
{Heap after GC invocations=9 (full 1):
 PSYoungGen      total 28160K, used 0K [0x00000000d5580000, 0x00000000d7680000, 0x0000000100000000)
  eden space 24064K, 0% used [0x00000000d5580000,0x00000000d5580000,0x00000000d6d00000)
  from space 4096K, 0% used [0x00000000d7280000,0x00000000d7280000,0x00000000d7680000)
  to   space 4608K, 0% used [0x00000000d6d80000,0x00000000d6d80000,0x00000000d7200000)
 ParOldGen       total 68608K, used 13087K [0x0000000080000000, 0x0000000084300000, 0x00000000d5580000)
  object space 68608K, 19% used [0x0000000080000000,0x0000000080cc7fb8,0x0000000084300000)
 Metaspace       used 20679K, committed 21504K, reserved 1114112K
  class space    used 2155K, committed 2496K, reserved 1048576K
}
Event: 41.123 GC heap before
{Heap before GC invocations=10 (full 1):
 PSYoungGen      total 28160K, used 24064K [0x00000000d5580000, 0x00000000d7680000, 0x0000000100000000)
  eden space 24064K, 100% used [0x00000000d5580000,0x00000000d6d00000,0x00000000d6d00000)
  from space 4096K, 0% used [0x00000000d7280000,0x00000000d7280000,0x00000000d7680000)
  to   space 4608K, 0% used [0x00000000d6d80000,0x00000000d6d80000,0x00000000d7200000)
 ParOldGen       total 68608K, used 13087K [0x0000000080000000, 0x0000000084300000, 0x00000000d5580000)
  object space 68608K, 19% used [0x0000000080000000,0x0000000080cc7fb8,0x0000000084300000)
 Metaspace       used 22659K, committed 23488K, reserved 1114112K
  class space    used 2321K, committed 2624K, reserved 1048576K
}
Event: 41.129 GC heap after
{Heap after GC invocations=10 (full 1):
 PSYoungGen      total 25600K, used 1876K [0x00000000d5580000, 0x00000000d7300000, 0x0000000100000000)
  eden space 23552K, 0% used [0x00000000d5580000,0x00000000d5580000,0x00000000d6c80000)
  from space 2048K, 91% used [0x00000000d6d80000,0x00000000d6f55240,0x00000000d6f80000)
  to   space 3072K, 0% used [0x00000000d7000000,0x00000000d7000000,0x00000000d7300000)
 ParOldGen       total 68608K, used 13095K [0x0000000080000000, 0x0000000084300000, 0x00000000d5580000)
  object space 68608K, 19% used [0x0000000080000000,0x0000000080cc9fb8,0x0000000084300000)
 Metaspace       used 22659K, committed 23488K, reserved 1114112K
  class space    used 2321K, committed 2624K, reserved 1048576K
}
Event: 42.918 GC heap before
{Heap before GC invocations=11 (full 1):
 PSYoungGen      total 25600K, used 25428K [0x00000000d5580000, 0x00000000d7300000, 0x0000000100000000)
  eden space 23552K, 100% used [0x00000000d5580000,0x00000000d6c80000,0x00000000d6c80000)
  from space 2048K, 91% used [0x00000000d6d80000,0x00000000d6f55240,0x00000000d6f80000)
  to   space 3072K, 0% used [0x00000000d7000000,0x00000000d7000000,0x00000000d7300000)
 ParOldGen       total 68608K, used 13095K [0x0000000080000000, 0x0000000084300000, 0x00000000d5580000)
  object space 68608K, 19% used [0x0000000080000000,0x0000000080cc9fb8,0x0000000084300000)
 Metaspace       used 26031K, committed 26880K, reserved 1114112K
  class space    used 2622K, committed 2944K, reserved 1048576K
}
Event: 42.921 GC heap after
{Heap after GC invocations=11 (full 1):
 PSYoungGen      total 24576K, used 1437K [0x00000000d5580000, 0x00000000d7180000, 0x0000000100000000)
  eden space 23040K, 0% used [0x00000000d5580000,0x00000000d5580000,0x00000000d6c00000)
  from space 1536K, 93% used [0x00000000d7000000,0x00000000d7167660,0x00000000d7180000)
  to   space 2048K, 0% used [0x00000000d6d80000,0x00000000d6d80000,0x00000000d6f80000)
 ParOldGen       total 68608K, used 13103K [0x0000000080000000, 0x0000000084300000, 0x00000000d5580000)
  object space 68608K, 19% used [0x0000000080000000,0x0000000080ccbfb8,0x0000000084300000)
 Metaspace       used 26031K, committed 26880K, reserved 1114112K
  class space    used 2622K, committed 2944K, reserved 1048576K
}
Event: 45.135 GC heap before
{Heap before GC invocations=12 (full 1):
 PSYoungGen      total 24576K, used 24477K [0x00000000d5580000, 0x00000000d7180000, 0x0000000100000000)
  eden space 23040K, 100% used [0x00000000d5580000,0x00000000d6c00000,0x00000000d6c00000)
  from space 1536K, 93% used [0x00000000d7000000,0x00000000d7167660,0x00000000d7180000)
  to   space 2048K, 0% used [0x00000000d6d80000,0x00000000d6d80000,0x00000000d6f80000)
 ParOldGen       total 68608K, used 13103K [0x0000000080000000, 0x0000000084300000, 0x00000000d5580000)
  object space 68608K, 19% used [0x0000000080000000,0x0000000080ccbfb8,0x0000000084300000)
 Metaspace       used 29267K, committed 30272K, reserved 1114112K
  class space    used 2977K, committed 3392K, reserved 1048576K
}
Event: 45.140 GC heap after
{Heap after GC invocations=12 (full 1):
 PSYoungGen      total 24576K, used 424K [0x00000000d5580000, 0x00000000d7080000, 0x0000000100000000)
  eden space 22528K, 0% used [0x00000000d5580000,0x00000000d5580000,0x00000000d6b80000)
  from space 2048K, 20% used [0x00000000d6d80000,0x00000000d6dea0d0,0x00000000d6f80000)
  to   space 1024K, 0% used [0x00000000d6f80000,0x00000000d6f80000,0x00000000d7080000)
 ParOldGen       total 68608K, used 14414K [0x0000000080000000, 0x0000000084300000, 0x00000000d5580000)
  object space 68608K, 21% used [0x0000000080000000,0x0000000080e13be0,0x0000000084300000)
 Metaspace       used 29267K, committed 30272K, reserved 1114112K
  class space    used 2977K, committed 3392K, reserved 1048576K
}
Event: 46.039 GC heap before
{Heap before GC invocations=13 (full 1):
 PSYoungGen      total 24576K, used 22952K [0x00000000d5580000, 0x00000000d7080000, 0x0000000100000000)
  eden space 22528K, 100% used [0x00000000d5580000,0x00000000d6b80000,0x00000000d6b80000)
  from space 2048K, 20% used [0x00000000d6d80000,0x00000000d6dea0d0,0x00000000d6f80000)
  to   space 1024K, 0% used [0x00000000d6f80000,0x00000000d6f80000,0x00000000d7080000)
 ParOldGen       total 68608K, used 14414K [0x0000000080000000, 0x0000000084300000, 0x00000000d5580000)
  object space 68608K, 21% used [0x0000000080000000,0x0000000080e13be0,0x0000000084300000)
 Metaspace       used 30414K, committed 31296K, reserved 1114112K
  class space    used 3077K, committed 3456K, reserved 1048576K
}
Event: 46.046 GC heap after
{Heap after GC invocations=13 (full 1):
 PSYoungGen      total 23040K, used 868K [0x00000000d5580000, 0x00000000d7080000, 0x0000000100000000)
  eden space 22016K, 0% used [0x00000000d5580000,0x00000000d5580000,0x00000000d6b00000)
  from space 1024K, 84% used [0x00000000d6f80000,0x00000000d70591e0,0x00000000d7080000)
  to   space 1024K, 0% used [0x00000000d6e80000,0x00000000d6e80000,0x00000000d6f80000)
 ParOldGen       total 68608K, used 16209K [0x0000000080000000, 0x0000000084300000, 0x00000000d5580000)
  object space 68608K, 23% used [0x0000000080000000,0x0000000080fd4600,0x0000000084300000)
 Metaspace       used 30414K, committed 31296K, reserved 1114112K
  class space    used 3077K, committed 3456K, reserved 1048576K
}
Event: 47.003 GC heap before
{Heap before GC invocations=14 (full 1):
 PSYoungGen      total 23040K, used 22884K [0x00000000d5580000, 0x00000000d7080000, 0x0000000100000000)
  eden space 22016K, 100% used [0x00000000d5580000,0x00000000d6b00000,0x00000000d6b00000)
  from space 1024K, 84% used [0x00000000d6f80000,0x00000000d70591e0,0x00000000d7080000)
  to   space 1024K, 0% used [0x00000000d6e80000,0x00000000d6e80000,0x00000000d6f80000)
 ParOldGen       total 68608K, used 16209K [0x0000000080000000, 0x0000000084300000, 0x00000000d5580000)
  object space 68608K, 23% used [0x0000000080000000,0x0000000080fd4600,0x0000000084300000)
 Metaspace       used 32124K, committed 33024K, reserved 1114112K
  class space    used 3263K, committed 3648K, reserved 1048576K
}
Event: 47.007 GC heap after
{Heap after GC invocations=14 (full 1):
 PSYoungGen      total 23040K, used 896K [0x00000000d5580000, 0x00000000d7000000, 0x0000000100000000)
  eden space 22016K, 0% used [0x00000000d5580000,0x00000000d5580000,0x00000000d6b00000)
  from space 1024K, 87% used [0x00000000d6e80000,0x00000000d6f60000,0x00000000d6f80000)
  to   space 512K, 0% used [0x00000000d6f80000,0x00000000d6f80000,0x00000000d7000000)
 ParOldGen       total 68608K, used 16787K [0x0000000080000000, 0x0000000084300000, 0x00000000d5580000)
  object space 68608K, 24% used [0x0000000080000000,0x0000000081064e30,0x0000000084300000)
 Metaspace       used 32124K, committed 33024K, reserved 1114112K
  class space    used 3263K, committed 3648K, reserved 1048576K
}
Event: 48.974 GC heap before
{Heap before GC invocations=15 (full 1):
 PSYoungGen      total 23040K, used 22912K [0x00000000d5580000, 0x00000000d7000000, 0x0000000100000000)
  eden space 22016K, 100% used [0x00000000d5580000,0x00000000d6b00000,0x00000000d6b00000)
  from space 1024K, 87% used [0x00000000d6e80000,0x00000000d6f60000,0x00000000d6f80000)
  to   space 512K, 0% used [0x00000000d6f80000,0x00000000d6f80000,0x00000000d7000000)
 ParOldGen       total 68608K, used 16787K [0x0000000080000000, 0x0000000084300000, 0x00000000d5580000)
  object space 68608K, 24% used [0x0000000080000000,0x0000000081064e30,0x0000000084300000)
 Metaspace       used 34175K, committed 35072K, reserved 1114112K
  class space    used 3507K, committed 3904K, reserved 1048576K
}
Event: 48.983 GC heap after
{Heap after GC invocations=15 (full 1):
 PSYoungGen      total 22528K, used 510K [0x00000000d5580000, 0x00000000d7000000, 0x0000000100000000)
  eden space 22016K, 0% used [0x00000000d5580000,0x00000000d5580000,0x00000000d6b00000)
  from space 512K, 99% used [0x00000000d6f80000,0x00000000d6fff930,0x00000000d7000000)
  to   space 2560K, 0% used [0x00000000d6b00000,0x00000000d6b00000,0x00000000d6d80000)
 ParOldGen       total 68608K, used 18252K [0x0000000080000000, 0x0000000084300000, 0x00000000d5580000)
  object space 68608K, 26% used [0x0000000080000000,0x00000000811d3108,0x0000000084300000)
 Metaspace       used 34175K, committed 35072K, reserved 1114112K
  class space    used 3507K, committed 3904K, reserved 1048576K
}
Event: 49.218 GC heap before
{Heap before GC invocations=16 (full 1):
 PSYoungGen      total 22528K, used 6976K [0x00000000d5580000, 0x00000000d7000000, 0x0000000100000000)
  eden space 22016K, 29% used [0x00000000d5580000,0x00000000d5bd0820,0x00000000d6b00000)
  from space 512K, 99% used [0x00000000d6f80000,0x00000000d6fff930,0x00000000d7000000)
  to   space 2560K, 0% used [0x00000000d6b00000,0x00000000d6b00000,0x00000000d6d80000)
 ParOldGen       total 68608K, used 18252K [0x0000000080000000, 0x0000000084300000, 0x00000000d5580000)
  object space 68608K, 26% used [0x0000000080000000,0x00000000811d3108,0x0000000084300000)
 Metaspace       used 34890K, committed 35840K, reserved 1114112K
  class space    used 3582K, committed 3968K, reserved 1048576K
}
Event: 49.221 GC heap after
{Heap after GC invocations=16 (full 1):
 PSYoungGen      total 24576K, used 986K [0x00000000d5580000, 0x00000000d7000000, 0x0000000100000000)
  eden space 22016K, 0% used [0x00000000d5580000,0x00000000d5580000,0x00000000d6b00000)
  from space 2560K, 38% used [0x00000000d6b00000,0x00000000d6bf6bf0,0x00000000d6d80000)
  to   space 1536K, 0% used [0x00000000d6e80000,0x00000000d6e80000,0x00000000d7000000)
 ParOldGen       total 68608K, used 18732K [0x0000000080000000, 0x0000000084300000, 0x00000000d5580000)
  object space 68608K, 27% used [0x0000000080000000,0x000000008124b368,0x0000000084300000)
 Metaspace       used 34890K, committed 35840K, reserved 1114112K
  class space    used 3582K, committed 3968K, reserved 1048576K
}
Event: 49.222 GC heap before
{Heap before GC invocations=17 (full 2):
 PSYoungGen      total 24576K, used 986K [0x00000000d5580000, 0x00000000d7000000, 0x0000000100000000)
  eden space 22016K, 0% used [0x00000000d5580000,0x00000000d5580000,0x00000000d6b00000)
  from space 2560K, 38% used [0x00000000d6b00000,0x00000000d6bf6bf0,0x00000000d6d80000)
  to   space 1536K, 0% used [0x00000000d6e80000,0x00000000d6e80000,0x00000000d7000000)
 ParOldGen       total 68608K, used 18732K [0x0000000080000000, 0x0000000084300000, 0x00000000d5580000)
  object space 68608K, 27% used [0x0000000080000000,0x000000008124b368,0x0000000084300000)
 Metaspace       used 34890K, committed 35840K, reserved 1114112K
  class space    used 3582K, committed 3968K, reserved 1048576K
}
Event: 49.335 GC heap after
{Heap after GC invocations=17 (full 2):
 PSYoungGen      total 24576K, used 0K [0x00000000d5580000, 0x00000000d7000000, 0x0000000100000000)
  eden space 22016K, 0% used [0x00000000d5580000,0x00000000d5580000,0x00000000d6b00000)
  from space 2560K, 0% used [0x00000000d6b00000,0x00000000d6b00000,0x00000000d6d80000)
  to   space 1536K, 0% used [0x00000000d6e80000,0x00000000d6e80000,0x00000000d7000000)
 ParOldGen       total 68608K, used 19281K [0x0000000080000000, 0x0000000084300000, 0x00000000d5580000)
  object space 68608K, 28% used [0x0000000080000000,0x00000000812d47c0,0x0000000084300000)
 Metaspace       used 34886K, committed 35840K, reserved 1114112K
  class space    used 3581K, committed 3968K, reserved 1048576K
}

Dll operation events (10 events):
Event: 0.065 Loaded shared library c:\Users\jaide\.vscode\extensions\redhat.java-1.54.0-win32-x64\jre\21.0.10-win32-x86_64\bin\java.dll
Event: 1.838 Loaded shared library c:\Users\jaide\.vscode\extensions\redhat.java-1.54.0-win32-x64\jre\21.0.10-win32-x86_64\bin\zip.dll
Event: 2.056 Loaded shared library C:\Users\jaide\.vscode\extensions\redhat.java-1.54.0-win32-x64\jre\21.0.10-win32-x86_64\bin\instrument.dll
Event: 2.072 Loaded shared library C:\Users\jaide\.vscode\extensions\redhat.java-1.54.0-win32-x64\jre\21.0.10-win32-x86_64\bin\net.dll
Event: 2.084 Loaded shared library C:\Users\jaide\.vscode\extensions\redhat.java-1.54.0-win32-x64\jre\21.0.10-win32-x86_64\bin\nio.dll
Event: 2.137 Loaded shared library C:\Users\jaide\.vscode\extensions\redhat.java-1.54.0-win32-x64\jre\21.0.10-win32-x86_64\bin\zip.dll
Event: 2.676 Loaded shared library C:\Users\jaide\.vscode\extensions\redhat.java-1.54.0-win32-x64\jre\21.0.10-win32-x86_64\bin\jimage.dll
Event: 3.855 Loaded shared library c:\Users\jaide\.vscode\extensions\redhat.java-1.54.0-win32-x64\jre\21.0.10-win32-x86_64\bin\verify.dll
Event: 19.606 Loaded shared library C:\Users\jaide\AppData\Roaming\Code\User\globalStorage\redhat.java\1.54.0\config_win\org.eclipse.equinox.launcher\org.eclipse.equinox.launcher.win32.win32.x86_64_1.3.0.v20260203-2149\eclipse_11919.dll
Event: 34.725 Loaded shared library C:\Users\jaide\AppData\Local\Temp\jna-100887059\jna3834007865754165707.dll

Deoptimization events (20 events):
Event: 49.762 Thread 0x00000185c0988190 DEOPT PACKING pc=0x00000185b481e3ac sp=0x0000000bd03fe390
Event: 49.762 Thread 0x00000185c0988190 DEOPT UNPACKING pc=0x00000185b40f3a9c sp=0x0000000bd03fe258 mode 2
Event: 49.812 Thread 0x00000185c0c204c0 DEOPT PACKING pc=0x00000185ad65ce26 sp=0x0000000bd06fd4b0
Event: 49.812 Thread 0x00000185c0c204c0 DEOPT UNPACKING pc=0x00000185b40f4223 sp=0x0000000bd06fc9a0 mode 0
Event: 49.813 Thread 0x00000185c0c204c0 Uncommon trap: trap_request=0xffffffde fr.pc=0x00000185b466671c relative=0x00000000000008dc
Event: 49.813 Thread 0x00000185c0c204c0 Uncommon trap: reason=class_check action=maybe_recompile pc=0x00000185b466671c method=java.util.HashMap.putVal(ILjava/lang/Object;Ljava/lang/Object;ZZ)Ljava/lang/Object; @ 203 c2
Event: 49.813 Thread 0x00000185c0c204c0 DEOPT PACKING pc=0x00000185b466671c sp=0x0000000bd06fd620
Event: 49.813 Thread 0x00000185c0c204c0 DEOPT UNPACKING pc=0x00000185b40f3a9c sp=0x0000000bd06fd510 mode 2
Event: 49.813 Thread 0x00000185c0c204c0 Uncommon trap: trap_request=0xffffffde fr.pc=0x00000185b466671c relative=0x00000000000008dc
Event: 49.813 Thread 0x00000185c0c204c0 Uncommon trap: reason=class_check action=maybe_recompile pc=0x00000185b466671c method=java.util.HashMap.putVal(ILjava/lang/Object;Ljava/lang/Object;ZZ)Ljava/lang/Object; @ 203 c2
Event: 49.813 Thread 0x00000185c0c204c0 DEOPT PACKING pc=0x00000185b466671c sp=0x0000000bd06fd620
Event: 49.813 Thread 0x00000185c0c204c0 DEOPT UNPACKING pc=0x00000185b40f3a9c sp=0x0000000bd06fd510 mode 2
Event: 49.813 Thread 0x00000185c0c204c0 Uncommon trap: trap_request=0xffffff45 fr.pc=0x00000185b48e3b28 relative=0x00000000000005a8
Event: 49.813 Thread 0x00000185c0c204c0 Uncommon trap: reason=unstable_if action=reinterpret pc=0x00000185b48e3b28 method=java.util.HashMap.putVal(ILjava/lang/Object;Ljava/lang/Object;ZZ)Ljava/lang/Object; @ 193 c2
Event: 49.813 Thread 0x00000185c0c204c0 DEOPT PACKING pc=0x00000185b48e3b28 sp=0x0000000bd06fd560
Event: 49.813 Thread 0x00000185c0c204c0 DEOPT UNPACKING pc=0x00000185b40f3a9c sp=0x0000000bd06fd500 mode 2
Event: 50.046 Thread 0x00000185c0c204c0 Uncommon trap: trap_request=0xffffff45 fr.pc=0x00000185b478d038 relative=0x00000000000002d8
Event: 50.046 Thread 0x00000185c0c204c0 Uncommon trap: reason=unstable_if action=reinterpret pc=0x00000185b478d038 method=java.util.Properties.getProperty(Ljava/lang/String;)Ljava/lang/String; @ 36 c2
Event: 50.046 Thread 0x00000185c0c204c0 DEOPT PACKING pc=0x00000185b478d038 sp=0x0000000bd06fe0d0
Event: 50.046 Thread 0x00000185c0c204c0 DEOPT UNPACKING pc=0x00000185b40f3a9c sp=0x0000000bd06fe078 mode 2

Classes loaded (20 events):
Event: 50.200 Loading class com/sun/org/apache/xml/internal/serializer/AttributesImplSerializer
Event: 50.200 Loading class org/xml/sax/helpers/AttributesImpl
Event: 50.200 Loading class org/xml/sax/helpers/AttributesImpl done
Event: 50.212 Loading class com/sun/org/apache/xml/internal/serializer/AttributesImplSerializer done
Event: 50.213 Loading class com/sun/org/apache/xml/internal/serializer/ElemContext
Event: 50.213 Loading class com/sun/org/apache/xml/internal/serializer/ElemContext done
Event: 50.213 Loading class com/sun/org/apache/xml/internal/serializer/ToStream$BoolStack
Event: 50.213 Loading class com/sun/org/apache/xml/internal/serializer/ToStream$BoolStack done
Event: 50.213 Loading class com/sun/org/apache/xml/internal/serializer/EncodingInfo
Event: 50.213 Loading class com/sun/org/apache/xml/internal/serializer/EncodingInfo done
Event: 50.213 Loading class com/sun/org/apache/xml/internal/serializer/ToStream$CharacterBuffer
Event: 50.213 Loading class com/sun/org/apache/xml/internal/serializer/ToStream$CharacterBuffer done
Event: 50.213 Loading class com/sun/org/apache/xml/internal/serializer/Encodings
Event: 50.214 Loading class com/sun/org/apache/xml/internal/serializer/Encodings done
Event: 50.214 Loading class com/sun/org/apache/xml/internal/serializer/Encodings$EncodingInfos
Event: 50.214 Loading class com/sun/org/apache/xml/internal/serializer/Encodings$EncodingInfos done
Event: 50.216 Loading class java/nio/charset/Charset$ExtendedProviderHolder
Event: 50.216 Loading class java/nio/charset/Charset$ExtendedProviderHolder done
Event: 50.216 Loading class java/nio/charset/Charset$ExtendedProviderHolder$1
Event: 50.217 Loading class java/nio/charset/Charset$ExtendedProviderHolder$1 done

Classes unloaded (9 events):
Event: 39.883 Thread 0x00000185a9a2e450 Unloading class 0x00000185c21a9800 'java/lang/invoke/LambdaForm$MH+0x00000185c21a9800'
Event: 39.883 Thread 0x00000185a9a2e450 Unloading class 0x00000185c21a9400 'java/lang/invoke/LambdaForm$MH+0x00000185c21a9400'
Event: 39.883 Thread 0x00000185a9a2e450 Unloading class 0x00000185c21a9000 'java/lang/invoke/LambdaForm$MH+0x00000185c21a9000'
Event: 39.883 Thread 0x00000185a9a2e450 Unloading class 0x00000185c21a8c00 'java/lang/invoke/LambdaForm$MH+0x00000185c21a8c00'
Event: 39.883 Thread 0x00000185a9a2e450 Unloading class 0x00000185c21a8800 'java/lang/invoke/LambdaForm$BMH+0x00000185c21a8800'
Event: 39.883 Thread 0x00000185a9a2e450 Unloading class 0x00000185c21a8400 'java/lang/invoke/LambdaForm$DMH+0x00000185c21a8400'
Event: 39.883 Thread 0x00000185a9a2e450 Unloading class 0x00000185c21a3000 'java/lang/invoke/LambdaForm$DMH+0x00000185c21a3000'
Event: 49.248 Thread 0x00000185a9a2e450 Unloading class 0x00000185c22c8c00 'java/lang/invoke/LambdaForm$MH+0x00000185c22c8c00'
Event: 49.248 Thread 0x00000185a9a2e450 Unloading class 0x00000185c22b8800 'java/lang/invoke/LambdaForm$MH+0x00000185c22b8800'

Classes redefined (0 events):
No events

Internal exceptions (20 events):
Event: 48.236 Thread 0x000001860682edc0 Exception <a 'sun/nio/fs/WindowsException'{0x00000000d6983580}> (0x00000000d6983580) 
thrown [s\src\hotspot\share\prims\jni.cpp, line 520]
Event: 48.240 Thread 0x000001860682edc0 Exception <a 'java/lang/NoSuchMethodError'{0x00000000d69c9bd8}: 'void java.lang.invoke.DirectMethodHandle$Holder.invokeVirtual(java.lang.Object, java.lang.Object, java.lang.Object, java.lang.Object)'> (0x00000000d69c9bd8) 
thrown [s\src\hotspot\share\interpreter\linkResolver.cpp, line 773]
Event: 48.249 Thread 0x000001860682edc0 Exception <a 'sun/nio/fs/WindowsException'{0x00000000d69f95e0}> (0x00000000d69f95e0) 
thrown [s\src\hotspot\share\prims\jni.cpp, line 520]
Event: 48.250 Thread 0x000001860682edc0 Exception <a 'sun/nio/fs/WindowsException'{0x00000000d69fa0e8}> (0x00000000d69fa0e8) 
thrown [s\src\hotspot\share\prims\jni.cpp, line 520]
Event: 48.253 Thread 0x000001860682edc0 Exception <a 'sun/nio/fs/WindowsException'{0x00000000d6a03b18}> (0x00000000d6a03b18) 
thrown [s\src\hotspot\share\prims\jni.cpp, line 520]
Event: 48.253 Thread 0x000001860682edc0 Exception <a 'sun/nio/fs/WindowsException'{0x00000000d6a043f8}> (0x00000000d6a043f8) 
thrown [s\src\hotspot\share\prims\jni.cpp, line 520]
Event: 48.255 Thread 0x000001860682edc0 Exception <a 'sun/nio/fs/WindowsException'{0x00000000d6a09940}> (0x00000000d6a09940) 
thrown [s\src\hotspot\share\prims\jni.cpp, line 520]
Event: 48.255 Thread 0x000001860682edc0 Exception <a 'sun/nio/fs/WindowsException'{0x00000000d6a0a448}> (0x00000000d6a0a448) 
thrown [s\src\hotspot\share\prims\jni.cpp, line 520]
Event: 48.256 Thread 0x000001860682edc0 Exception <a 'sun/nio/fs/WindowsException'{0x00000000d6a0d4a8}> (0x00000000d6a0d4a8) 
thrown [s\src\hotspot\share\prims\jni.cpp, line 520]
Event: 48.256 Thread 0x000001860682edc0 Exception <a 'sun/nio/fs/WindowsException'{0x00000000d6a0dd88}> (0x00000000d6a0dd88) 
thrown [s\src\hotspot\share\prims\jni.cpp, line 520]
Event: 48.515 Thread 0x000001860682edc0 Exception <a 'sun/nio/fs/WindowsException'{0x00000000d6ab0e10}> (0x00000000d6ab0e10) 
thrown [s\src\hotspot\share\prims\jni.cpp, line 520]
Event: 48.516 Thread 0x000001860682edc0 Exception <a 'sun/nio/fs/WindowsException'{0x00000000d6ab16f0}> (0x00000000d6ab16f0) 
thrown [s\src\hotspot\share\prims\jni.cpp, line 520]
Event: 48.518 Thread 0x000001860682edc0 Exception <a 'sun/nio/fs/WindowsException'{0x00000000d6ac6d50}> (0x00000000d6ac6d50) 
thrown [s\src\hotspot\share\prims\jni.cpp, line 520]
Event: 48.519 Thread 0x000001860682edc0 Exception <a 'sun/nio/fs/WindowsException'{0x00000000d6ac7380}> (0x00000000d6ac7380) 
thrown [s\src\hotspot\share\prims\jni.cpp, line 520]
Event: 49.165 Thread 0x000001860682edc0 Exception <a 'java/io/FileNotFoundException'{0x00000000d5958088}> (0x00000000d5958088) 
thrown [s\src\hotspot\share\prims\jni.cpp, line 520]
Event: 49.441 Thread 0x000001860682edc0 Exception <a 'java/lang/UnsatisfiedLinkError'{0x00000000d576dae8}: No se encontr籀 el proceso especificado.
> (0x00000000d576dae8) 
thrown [s\src\hotspot\share\prims\jni.cpp, line 539]
Event: 49.455 Thread 0x000001860682edc0 Exception <a 'java/io/FileNotFoundException'{0x00000000d5785fe0}> (0x00000000d5785fe0) 
thrown [s\src\hotspot\share\prims\jni.cpp, line 520]
Event: 49.523 Thread 0x000001860682edc0 Exception <a 'java/io/FileNotFoundException'{0x00000000d5878588}> (0x00000000d5878588) 
thrown [s\src\hotspot\share\prims\jni.cpp, line 520]
Event: 49.787 Thread 0x000001860682edc0 Exception <a 'java/lang/UnsatisfiedLinkError'{0x00000000d5b318b0}: No se encontr籀 el proceso especificado.
> (0x00000000d5b318b0) 
thrown [s\src\hotspot\share\prims\jni.cpp, line 539]
Event: 50.198 Thread 0x00000185c0c204c0 Exception <a 'java/lang/ClassNotFoundException'{0x00000000d5f79230}: com/sun/org/apache/xml/internal/serializer/spi/XMLEntitiesProvider> (0x00000000d5f79230) 
thrown [s\src\hotspot\share\classfile\systemDictionary.cpp, line 312]

ZGC Phase Switch (0 events):
No events

VM Operations (20 events):
Event: 47.002 Executing safepoint VM operation: ParallelGCFailedAllocation (Allocation Failure)
Event: 47.007 Executing safepoint VM operation: ParallelGCFailedAllocation (Allocation Failure) done
Event: 47.287 Executing non-safepoint VM operation: HandshakeAllThreads (Deoptimize)
Event: 48.974 Executing non-safepoint VM operation: HandshakeAllThreads (Deoptimize) done
Event: 48.974 Executing safepoint VM operation: Cleanup
Event: 48.974 Executing safepoint VM operation: Cleanup done
Event: 48.974 Executing safepoint VM operation: ParallelGCFailedAllocation (Allocation Failure)
Event: 48.983 Executing safepoint VM operation: ParallelGCFailedAllocation (Allocation Failure) done
Event: 49.012 Executing non-safepoint VM operation: HandshakeAllThreads (Deoptimize)
Event: 49.013 Executing non-safepoint VM operation: HandshakeAllThreads (Deoptimize) done
Event: 49.217 Executing safepoint VM operation: CollectForMetadataAllocation (Metadata GC Threshold)
Event: 49.335 Executing safepoint VM operation: CollectForMetadataAllocation (Metadata GC Threshold) done
Event: 49.336 Executing non-safepoint VM operation: HandshakeAllThreads (Deoptimize)
Event: 49.336 Executing non-safepoint VM operation: HandshakeAllThreads (Deoptimize) done
Event: 49.806 Executing safepoint VM operation: ICBufferFull
Event: 49.806 Executing safepoint VM operation: ICBufferFull done
Event: 50.057 Executing non-safepoint VM operation: HandshakeAllThreads (Deoptimize)
Event: 50.195 Executing non-safepoint VM operation: HandshakeAllThreads (Deoptimize) done
Event: 50.201 Executing non-safepoint VM operation: HandshakeAllThreads (Deoptimize)
Event: 50.207 Executing non-safepoint VM operation: HandshakeAllThreads (Deoptimize) done

Memory protections (0 events):
No events

Nmethod flushes (20 events):
Event: 49.264 Thread 0x00000185a9a2e450 flushing  nmethod 0x00000185ad2b5010
Event: 49.264 Thread 0x00000185a9a2e450 flushing  nmethod 0x00000185ad2b6490
Event: 49.264 Thread 0x00000185a9a2e450 flushing  nmethod 0x00000185ad2b6d90
Event: 49.264 Thread 0x00000185a9a2e450 flushing  nmethod 0x00000185ad2b7f90
Event: 49.264 Thread 0x00000185a9a2e450 flushing  nmethod 0x00000185ad2b8790
Event: 49.264 Thread 0x00000185a9a2e450 flushing  nmethod 0x00000185ad2b8f10
Event: 49.264 Thread 0x00000185a9a2e450 flushing  nmethod 0x00000185ad2ba490
Event: 49.264 Thread 0x00000185a9a2e450 flushing  nmethod 0x00000185ad2ba990
Event: 49.264 Thread 0x00000185a9a2e450 flushing  nmethod 0x00000185ad2bae90
Event: 49.264 Thread 0x00000185a9a2e450 flushing  nmethod 0x00000185ad2bb290
Event: 49.264 Thread 0x00000185a9a2e450 flushing  nmethod 0x00000185ad2bc290
Event: 49.264 Thread 0x00000185a9a2e450 flushing  nmethod 0x00000185ad2be110
Event: 49.264 Thread 0x00000185a9a2e450 flushing  nmethod 0x00000185ad2bee90
Event: 49.264 Thread 0x00000185a9a2e450 flushing  nmethod 0x00000185ad319190
Event: 49.264 Thread 0x00000185a9a2e450 flushing  nmethod 0x00000185ad31a110
Event: 49.264 Thread 0x00000185a9a2e450 flushing  nmethod 0x00000185ad31cc10
Event: 49.264 Thread 0x00000185a9a2e450 flushing  nmethod 0x00000185ad321390
Event: 49.264 Thread 0x00000185a9a2e450 flushing  nmethod 0x00000185ad32d810
Event: 49.264 Thread 0x00000185a9a2e450 flushing  nmethod 0x00000185ad379b10
Event: 49.264 Thread 0x00000185a9a2e450 flushing  nmethod 0x00000185ad3a5990

Events (20 events):
Event: 0.504 Thread 0x00000185a996f8f0 Thread added: 0x00000185a981fd10
Event: 0.504 Thread 0x00000185a996f8f0 Thread added: 0x00000185a9823790
Event: 0.509 Thread 0x00000185a996f8f0 Thread added: 0x00000185a98245d0
Event: 0.741 Thread 0x00000185a996f8f0 Thread added: 0x00000185a9894cd0
Event: 2.064 Thread 0x00000185a996f8f0 Thread added: 0x00000185c0956fb0
Event: 5.425 Thread 0x00000185a996f8f0 Thread added: 0x00000185c0ae5250
Event: 18.142 Thread 0x00000185a996f8f0 Thread added: 0x00000185c0988190
Event: 19.550 Thread 0x00000185a996f8f0 Thread added: 0x00000185c092a370
Event: 19.785 Thread 0x00000185c092a370 Thread added: 0x000001860640cba0
Event: 19.853 Thread 0x00000185a996f8f0 Thread added: 0x00000185c0c204c0
Event: 23.249 Thread 0x00000185c0c204c0 Thread added: 0x00000186065c6110
Event: 27.389 Thread 0x00000185c0c204c0 Thread added: 0x0000018606835090
Event: 30.800 Thread 0x00000185c0c204c0 Thread added: 0x0000018606abf760
Event: 35.084 Thread 0x00000185c0c204c0 Thread added: 0x000001860682bfd0
Event: 35.483 Thread 0x00000185c0c204c0 Thread added: 0x000001860682d380
Event: 35.873 Thread 0x00000185c0c204c0 Thread added: 0x000001860682da10
Event: 36.280 Thread 0x000001860682da10 Thread added: 0x000001860682e0a0
Event: 41.434 Thread 0x000001860682d380 Thread added: 0x000001860682ccf0
Event: 41.990 Thread 0x000001860682ccf0 Thread added: 0x000001860682edc0
Event: 47.050 Thread 0x00000185c0c204c0 Thread added: 0x000001860682f450


Dynamic libraries:
0x00007ff6fe020000 - 0x00007ff6fe02e000 	c:\Users\jaide\.vscode\extensions\redhat.java-1.54.0-win32-x64\jre\21.0.10-win32-x86_64\bin\java.exe
0x00007ffaa8330000 - 0x00007ffaa8547000 	C:\Windows\SYSTEM32\ntdll.dll
0x00007ffaa7380000 - 0x00007ffaa7444000 	C:\Windows\System32\KERNEL32.DLL
0x00007ffaa5590000 - 0x00007ffaa5962000 	C:\Windows\System32\KERNELBASE.dll
0x00007ffaa5d30000 - 0x00007ffaa5e41000 	C:\Windows\System32\ucrtbase.dll
0x00007ffa6f1d0000 - 0x00007ffa6f1e8000 	c:\Users\jaide\.vscode\extensions\redhat.java-1.54.0-win32-x64\jre\21.0.10-win32-x86_64\bin\jli.dll
0x00007ffaa7520000 - 0x00007ffaa76d1000 	C:\Windows\System32\USER32.dll
0x00007ffaa5560000 - 0x00007ffaa5586000 	C:\Windows\System32\win32u.dll
0x00007ffaa7840000 - 0x00007ffaa7869000 	C:\Windows\System32\GDI32.dll
0x00007ffaa5b40000 - 0x00007ffaa5c63000 	C:\Windows\System32\gdi32full.dll
0x00007ffaa5aa0000 - 0x00007ffaa5b3a000 	C:\Windows\System32\msvcp_win.dll
0x00007ffa6d4d0000 - 0x00007ffa6d4ee000 	c:\Users\jaide\.vscode\extensions\redhat.java-1.54.0-win32-x64\jre\21.0.10-win32-x86_64\bin\VCRUNTIME140.dll
0x00007ffa90ca0000 - 0x00007ffa90f3b000 	C:\Windows\WinSxS\amd64_microsoft.windows.common-controls_6595b64144ccf1df_6.0.22621.5547_none_27104afb73855772\COMCTL32.dll
0x00007ffaa7e90000 - 0x00007ffaa7f37000 	C:\Windows\System32\msvcrt.dll
0x00007ffaa7450000 - 0x00007ffaa7481000 	C:\Windows\System32\IMM32.DLL
0x00007ffa91c70000 - 0x00007ffa91c7c000 	c:\Users\jaide\.vscode\extensions\redhat.java-1.54.0-win32-x64\jre\21.0.10-win32-x86_64\bin\vcruntime140_1.dll
0x00007ffa5aba0000 - 0x00007ffa5ac2d000 	c:\Users\jaide\.vscode\extensions\redhat.java-1.54.0-win32-x64\jre\21.0.10-win32-x86_64\bin\msvcp140.dll
0x00007ffa1d5b0000 - 0x00007ffa1e351000 	c:\Users\jaide\.vscode\extensions\redhat.java-1.54.0-win32-x64\jre\21.0.10-win32-x86_64\bin\server\jvm.dll
0x00007ffaa6250000 - 0x00007ffaa6301000 	C:\Windows\System32\ADVAPI32.dll
0x00007ffaa6320000 - 0x00007ffaa63c8000 	C:\Windows\System32\sechost.dll
0x00007ffaa5970000 - 0x00007ffaa5998000 	C:\Windows\System32\bcrypt.dll
0x00007ffaa6070000 - 0x00007ffaa6184000 	C:\Windows\System32\RPCRT4.dll
0x00007ffaa6940000 - 0x00007ffaa69b1000 	C:\Windows\System32\WS2_32.dll
0x00007ffaa52f0000 - 0x00007ffaa533d000 	C:\Windows\SYSTEM32\POWRPROF.dll
0x00007ffa9f470000 - 0x00007ffa9f4a4000 	C:\Windows\SYSTEM32\WINMM.dll
0x00007ffa9f3d0000 - 0x00007ffa9f3da000 	C:\Windows\SYSTEM32\VERSION.dll
0x00007ffaa52d0000 - 0x00007ffaa52e3000 	C:\Windows\SYSTEM32\UMPDC.dll
0x00007ffaa4450000 - 0x00007ffaa4468000 	C:\Windows\SYSTEM32\kernel.appcore.dll
0x00007ffa8b5c0000 - 0x00007ffa8b5ca000 	c:\Users\jaide\.vscode\extensions\redhat.java-1.54.0-win32-x64\jre\21.0.10-win32-x86_64\bin\jimage.dll
0x00007ffaa2e00000 - 0x00007ffaa3033000 	C:\Windows\SYSTEM32\DBGHELP.DLL
0x00007ffaa65a0000 - 0x00007ffaa6933000 	C:\Windows\System32\combase.dll
0x00007ffaa7760000 - 0x00007ffaa7837000 	C:\Windows\System32\OLEAUT32.dll
0x00007ffa85b60000 - 0x00007ffa85b92000 	C:\Windows\SYSTEM32\dbgcore.DLL
0x00007ffaa5a20000 - 0x00007ffaa5a9b000 	C:\Windows\System32\bcryptPrimitives.dll
0x00007ffaa2110000 - 0x00007ffaa211f000 	c:\Users\jaide\.vscode\extensions\redhat.java-1.54.0-win32-x64\jre\21.0.10-win32-x86_64\bin\instrument.dll
0x00007ffa6bf60000 - 0x00007ffa6bf80000 	c:\Users\jaide\.vscode\extensions\redhat.java-1.54.0-win32-x64\jre\21.0.10-win32-x86_64\bin\java.dll
0x00007ffaa6ad0000 - 0x00007ffaa7372000 	C:\Windows\System32\SHELL32.dll
0x00007ffaa5420000 - 0x00007ffaa555f000 	C:\Windows\System32\wintypes.dll
0x00007ffaa3350000 - 0x00007ffaa3c6d000 	C:\Windows\SYSTEM32\windows.storage.dll
0x00007ffaa78d0000 - 0x00007ffaa79dc000 	C:\Windows\System32\SHCORE.dll
0x00007ffaa61e0000 - 0x00007ffaa6249000 	C:\Windows\System32\shlwapi.dll
0x00007ffaa5350000 - 0x00007ffaa537b000 	C:\Windows\SYSTEM32\profapi.dll
0x00007ffa6ab40000 - 0x00007ffa6ab58000 	c:\Users\jaide\.vscode\extensions\redhat.java-1.54.0-win32-x64\jre\21.0.10-win32-x86_64\bin\zip.dll
0x00007ffa83c70000 - 0x00007ffa83c80000 	C:\Users\jaide\.vscode\extensions\redhat.java-1.54.0-win32-x64\jre\21.0.10-win32-x86_64\bin\net.dll
0x00007ffa9dc30000 - 0x00007ffa9dd5c000 	C:\Windows\SYSTEM32\WINHTTP.dll
0x00007ffaa48d0000 - 0x00007ffaa4939000 	C:\Windows\system32\mswsock.dll
0x00007ffa6bb60000 - 0x00007ffa6bb76000 	C:\Users\jaide\.vscode\extensions\redhat.java-1.54.0-win32-x64\jre\21.0.10-win32-x86_64\bin\nio.dll
0x00007ffaa20f0000 - 0x00007ffaa2100000 	c:\Users\jaide\.vscode\extensions\redhat.java-1.54.0-win32-x64\jre\21.0.10-win32-x86_64\bin\verify.dll
0x00007ffa8bec0000 - 0x00007ffa8bf05000 	C:\Users\jaide\AppData\Roaming\Code\User\globalStorage\redhat.java\1.54.0\config_win\org.eclipse.equinox.launcher\org.eclipse.equinox.launcher.win32.win32.x86_64_1.3.0.v20260203-2149\eclipse_11919.dll
0x00007ffaa8150000 - 0x00007ffaa82f0000 	C:\Windows\System32\ole32.dll
0x00007ffaa4b30000 - 0x00007ffaa4b4b000 	C:\Windows\SYSTEM32\CRYPTSP.dll
0x00007ffaa43b0000 - 0x00007ffaa43e7000 	C:\Windows\system32\rsaenh.dll
0x00007ffaa49c0000 - 0x00007ffaa49e8000 	C:\Windows\SYSTEM32\USERENV.dll
0x00007ffaa4b20000 - 0x00007ffaa4b2c000 	C:\Windows\SYSTEM32\CRYPTBASE.dll
0x00007ffaa3f10000 - 0x00007ffaa3f3d000 	C:\Windows\SYSTEM32\IPHLPAPI.DLL
0x00007ffaa6310000 - 0x00007ffaa6319000 	C:\Windows\System32\NSI.dll
0x00007ffa8b8b0000 - 0x00007ffa8b8f9000 	C:\Users\jaide\AppData\Local\Temp\jna-100887059\jna3834007865754165707.dll
0x00007ffaa7e80000 - 0x00007ffaa7e88000 	C:\Windows\System32\PSAPI.DLL
0x00007ffa9db70000 - 0x00007ffa9db89000 	C:\Windows\SYSTEM32\dhcpcsvc6.DLL
0x00007ffa9db50000 - 0x00007ffa9db6f000 	C:\Windows\SYSTEM32\dhcpcsvc.DLL

JVMTI agents:
c:\Users\jaide\.vscode\extensions\redhat.java-1.54.0-win32-x64\lombok\lombok-1.18.39-4050.jar path:c:\Users\jaide\.vscode\extensions\redhat.java-1.54.0-win32-x64\jre\21.0.10-win32-x86_64\bin\instrument.dll, loaded, initialized, instrumentlib options:none

dbghelp: loaded successfully - version: 4.0.5 - missing functions: none
symbol engine: initialized successfully - sym options: 0x614 - pdb path: .;c:\Users\jaide\.vscode\extensions\redhat.java-1.54.0-win32-x64\jre\21.0.10-win32-x86_64\bin;C:\Windows\SYSTEM32;C:\Windows\WinSxS\amd64_microsoft.windows.common-controls_6595b64144ccf1df_6.0.22621.5547_none_27104afb73855772;c:\Users\jaide\.vscode\extensions\redhat.java-1.54.0-win32-x64\jre\21.0.10-win32-x86_64\bin\server;C:\Users\jaide\AppData\Roaming\Code\User\globalStorage\redhat.java\1.54.0\config_win\org.eclipse.equinox.launcher\org.eclipse.equinox.launcher.win32.win32.x86_64_1.3.0.v20260203-2149;C:\Users\jaide\AppData\Local\Temp\jna-100887059

VM Arguments:
jvm_args: --add-modules=ALL-SYSTEM --add-opens=java.base/java.util=ALL-UNNAMED --add-opens=java.base/java.lang=ALL-UNNAMED --add-opens=java.base/sun.nio.fs=ALL-UNNAMED -Declipse.application=org.eclipse.jdt.ls.core.id1 -Dosgi.bundles.defaultStartLevel=4 -Declipse.product=org.eclipse.jdt.ls.core.product -Djava.import.generatesMetadataFilesAtProjectRoot=false -DDetectVMInstallationsJob.disabled=true -Dfile.encoding=utf8 -XX:+UseParallelGC -XX:GCTimeRatio=4 -XX:AdaptiveSizePolicyWeight=90 -Dsun.zip.disableMemoryMapping=true -Xmx2G -Xms100m -Xlog:disable -javaagent:c:\Users\jaide\.vscode\extensions\redhat.java-1.54.0-win32-x64\lombok\lombok-1.18.39-4050.jar -XX:+HeapDumpOnOutOfMemoryError -XX:HeapDumpPath=c:\Users\jaide\AppData\Roaming\Code\User\workspaceStorage\94058e322d666332ccf250e53747a0c0\redhat.java -Daether.dependencyCollector.impl=bf 
java_command: c:\Users\jaide\.vscode\extensions\redhat.java-1.54.0-win32-x64\server\plugins\org.eclipse.equinox.launcher_1.7.100.v20251111-0406.jar -configuration c:\Users\jaide\AppData\Roaming\Code\User\globalStorage\redhat.java\1.54.0\config_win -data c:\Users\jaide\AppData\Roaming\Code\User\workspaceStorage\94058e322d666332ccf250e53747a0c0\redhat.java\jdt_ws --pipe=\\.\pipe\lsp-9a9e2791869f6046a621e06c164dee2d-sock
java_class_path (initial): c:\Users\jaide\.vscode\extensions\redhat.java-1.54.0-win32-x64\server\plugins\org.eclipse.equinox.launcher_1.7.100.v20251111-0406.jar
Launcher Type: SUN_STANDARD

[Global flags]
    uintx AdaptiveSizePolicyWeight                 = 90                                        {product} {command line}
     intx CICompilerCount                          = 2                                         {product} {ergonomic}
    uintx GCTimeRatio                              = 4                                         {product} {command line}
     bool HeapDumpOnOutOfMemoryError               = true                                   {manageable} {command line}
    ccstr HeapDumpPath                             = c:\Users\jaide\AppData\Roaming\Code\User\workspaceStorage\94058e322d666332ccf250e53747a0c0\redhat.java         {manageable} {command line}
   size_t InitialHeapSize                          = 104857600                                 {product} {command line}
   size_t MaxHeapSize                              = 2147483648                                {product} {command line}
   size_t MaxNewSize                               = 715653120                                 {product} {ergonomic}
   size_t MinHeapDeltaBytes                        = 524288                                    {product} {ergonomic}
   size_t MinHeapSize                              = 104857600                                 {product} {command line}
   size_t NewSize                                  = 34603008                                  {product} {ergonomic}
    uintx NonNMethodCodeHeapSize                   = 5826188                                {pd product} {ergonomic}
    uintx NonProfiledCodeHeapSize                  = 122916026                              {pd product} {ergonomic}
   size_t OldSize                                  = 70254592                                  {product} {ergonomic}
    uintx ProfiledCodeHeapSize                     = 122916026                              {pd product} {ergonomic}
    uintx ReservedCodeCacheSize                    = 251658240                              {pd product} {ergonomic}
     bool SegmentedCodeCache                       = true                                      {product} {ergonomic}
   size_t SoftMaxHeapSize                          = 2147483648                             {manageable} {ergonomic}
     bool UseCompressedOops                        = true                           {product lp64_product} {ergonomic}
     bool UseLargePagesIndividualAllocation        = false                                  {pd product} {ergonomic}
     bool UseParallelGC                            = true                                      {product} {command line}

Logging:
Log output configuration:
 #0: stdout all=off uptime,level,tags foldmultilines=false
 #1: stderr all=off uptime,level,tags foldmultilines=false

Release file:
JAVA_VERSION="21.0.10" 
MODULES="java.base java.compiler java.datatransfer java.xml java.prefs java.desktop java.instrument java.logging java.management java.security.sasl java.naming java.rmi java.management.rmi java.net.http java.scripting java.security.jgss java.transaction.xa java.sql java.sql.rowset java.xml.crypto java.se java.smartcardio jdk.accessibility jdk.internal.jvmstat jdk.attach jdk.charsets jdk.internal.opt jdk.zipfs jdk.compiler jdk.crypto.ec jdk.crypto.cryptoki jdk.crypto.mscapi jdk.dynalink jdk.internal.ed jdk.editpad jdk.hotspot.agent jdk.httpserver jdk.internal.le jdk.internal.vm.ci jdk.internal.vm.compiler jdk.internal.vm.compiler.management jdk.jartool jdk.javadoc jdk.jcmd jdk.management jdk.management.agent jdk.jconsole jdk.jdeps jdk.jdwp.agent jdk.jdi jdk.jfr jdk.jshell jdk.jsobject jdk.jstatd jdk.localedata jdk.management.jfr jdk.naming.dns jdk.naming.rmi jdk.net jdk.nio.mapmode jdk.random jdk.sctp jdk.security.auth jdk.security.jgss jdk.unsupported jdk.unsupported.desktop jdk.xml.dom" 

Environment Variables:
PATH=C:\Program Files\Common Files\Oracle\Java\javapath;C:\Program Files (x86)\Common Files\Oracle\Java\javapath;C:\Windows\system32;C:\Windows;C:\Windows\System32\Wbem;C:\Windows\System32\WindowsPowerShell\v1.0\;C:\Windows\System32\OpenSSH\;C:\Program Files\Git\cmd;C:\Program Files\dotnet\;C:\Windows\system32\config\systemprofile\AppData\Local\Muse Hub\lib;C:\Program Files\nodejs\;C:\Users\jaide\AppData\Local\Programs\Python\Python312\Scripts\;C:\Users\jaide\AppData\Local\Programs\Python\Python312\;C:\Users\jaide\AppData\Local\Programs\Python\Launcher\;C:\Users\jaide\AppData\Local\Microsoft\WindowsApps;C:\flutter\bin;C:\Users\jaide\AppData\Local\Android\Sdk\platforms;C:\Users\jaide\AppData\Local\Android\Sdk\platform-tools;C:\Users\jaide\AppData\Local\Programs\Microsoft VS Code\bin;C:\Users\jaide\AppData\Local\Programs\MiKTeX\miktex\bin\x64\;C:\Users\jaide\AppData\Local\Muse Hub\lib;C:\Users\jaide\AppData\Roaming\npm
USERNAME=jaide
OS=Windows_NT
PROCESSOR_IDENTIFIER=Intel64 Family 6 Model 122 Stepping 8, GenuineIntel
TMP=C:\Users\jaide\AppData\Local\Temp
TEMP=C:\Users\jaide\AppData\Local\Temp




Periodic native trim disabled

---------------  S Y S T E M  ---------------

OS:
 Windows 11 , 64 bit Build 22621 (10.0.22621.5415)
OS uptime: 0 days 5:09 hours

CPU: total 2 (initial active 2) (2 cores per cpu, 1 threads per core) family 6 model 122 stepping 8 microcode 0x18, cx8, cmov, fxsr, mmx, 3dnowpref, sse, sse2, sse3, ssse3, sse4.1, sse4.2, popcnt, tsc, tscinvbit, aes, erms, clmul, sha, clflush, clflushopt, rdtscp, rdpid
Processor Information for the first 2 processors :
  Max Mhz: 1101, Current Mhz: 1101, Mhz Limit: 1101

Memory: 4k page, system-wide physical 3858M (243M free)
TotalPageFile size 8438M (AvailPageFile size 6M)
current process WorkingSet (physical memory assigned to process): 184M, peak: 184M
current process commit charge ("private bytes"): 289M, peak: 290M

vm_info: OpenJDK 64-Bit Server VM (21.0.10+7-LTS) for windows-amd64 JRE (21.0.10+7-LTS), built on 2026-01-20T00:00:00Z by "admin" with MS VC++ 17.12 (VS2022)

END.
