#
# There is insufficient memory for the Java Runtime Environment to continue.
# Native memory allocation (malloc) failed to allocate 1011936 bytes. Error detail: Chunk::new
# Possible reasons:
#   The system is out of physical RAM or swap space
#   This process is running with CompressedOops enabled, and the Java Heap may be blocking the growth of the native heap
# Possible solutions:
#   Reduce memory load on the system
#   Increase physical memory or swap space
#   Check if swap backing store is full
#   Decrease Java heap size (-Xmx/-Xms)
#   Decrease number of Java threads
#   Decrease Java thread stack sizes (-Xss)
#   Set larger code cache with -XX:ReservedCodeCacheSize=
#   JVM is running with Unscaled Compressed Oops mode in which the Java heap is
#     placed in the first 4GB address space. The Java Heap base address is the
#     maximum limit for the native heap growth. Please use -XX:HeapBaseMinAddress
#     to set the Java Heap base and to place the Java Heap above 4GB virtual address.
# This output file may be truncated or incomplete.
#
#  Out of Memory Error (arena.cpp:168), pid=12668, tid=2276
#
# JRE version: OpenJDK Runtime Environment Temurin-21.0.10+7 (21.0.10+7) (build 21.0.10+7-LTS)
# Java VM: OpenJDK 64-Bit Server VM Temurin-21.0.10+7 (21.0.10+7-LTS, mixed mode, sharing, tiered, compressed oops, compressed class ptrs, parallel gc, windows-amd64)
# No core dump will be written. Minidumps are not enabled by default on client versions of Windows
#

---------------  S U M M A R Y ------------

Command Line: --add-modules=ALL-SYSTEM --add-opens=java.base/java.util=ALL-UNNAMED --add-opens=java.base/java.lang=ALL-UNNAMED --add-opens=java.base/sun.nio.fs=ALL-UNNAMED -Declipse.application=org.eclipse.jdt.ls.core.id1 -Dosgi.bundles.defaultStartLevel=4 -Declipse.product=org.eclipse.jdt.ls.core.product -Djava.import.generatesMetadataFilesAtProjectRoot=false -DDetectVMInstallationsJob.disabled=true -Dfile.encoding=utf8 -XX:+UseParallelGC -XX:GCTimeRatio=4 -XX:AdaptiveSizePolicyWeight=90 -Dsun.zip.disableMemoryMapping=true -Xmx2G -Xms100m -Xlog:disable -javaagent:c:\Users\jaide\.vscode\extensions\redhat.java-1.54.0-win32-x64\lombok\lombok-1.18.39-4050.jar -XX:+HeapDumpOnOutOfMemoryError -XX:HeapDumpPath=c:\Users\jaide\AppData\Roaming\Code\User\workspaceStorage\94058e322d666332ccf250e53747a0c0\redhat.java -Daether.dependencyCollector.impl=bf c:\Users\jaide\.vscode\extensions\redhat.java-1.54.0-win32-x64\server\plugins\org.eclipse.equinox.launcher_1.7.100.v20251111-0406.jar -configuration c:\Users\jaide\AppData\Roaming\Code\User\globalStorage\redhat.java\1.54.0\config_win -data c:\Users\jaide\AppData\Roaming\Code\User\workspaceStorage\94058e322d666332ccf250e53747a0c0\redhat.java\jdt_ws --pipe=\\.\pipe\lsp-ee3667b08cd250f217e818e1c63e1fab-sock

Host: Intel(R) Celeron(R) N4020 CPU @ 1.10GHz, 2 cores, 3G,  Windows 11 , 64 bit Build 22621 (10.0.22621.5415)
Time: Tue Jun 23 00:27:10 2026 Hora est. Pac璗ico, Sudam廨ica elapsed time: 114.322441 seconds (0d 0h 1m 54s)

---------------  T H R E A D  ---------------

Current thread (0x000001e54faa5790):  JavaThread "C2 CompilerThread0" daemon [_thread_in_native, id=2276, stack(0x000000a581900000,0x000000a581a00000) (1024K)]


Current CompileTask:
C2:114322 10211   !   4       org.eclipse.jdt.internal.core.util.DeduplicationUtil::intern (149 bytes)

Stack: [0x000000a581900000,0x000000a581a00000]
Native frames: (J=compiled Java code, j=interpreted, Vv=VM code, C=native code)
V  [jvm.dll+0x6d7a39]
V  [jvm.dll+0x8b4b26]
V  [jvm.dll+0x8b70de]
V  [jvm.dll+0x8b77c3]
V  [jvm.dll+0x284346]
V  [jvm.dll+0xc66ed]
V  [jvm.dll+0xc6c31]
V  [jvm.dll+0x2fb29e]
V  [jvm.dll+0x5fe884]
V  [jvm.dll+0x255b17]
V  [jvm.dll+0x255edd]
V  [jvm.dll+0x24e500]
V  [jvm.dll+0x24ba42]
V  [jvm.dll+0x1cb34e]
V  [jvm.dll+0x25b85d]
V  [jvm.dll+0x259dea]
V  [jvm.dll+0x3f857e]
V  [jvm.dll+0x85f59d]
V  [jvm.dll+0x6d626d]
C  [ucrtbase.dll+0x29333]
C  [KERNEL32.DLL+0x1259d]
C  [ntdll.dll+0x5af78]


---------------  P R O C E S S  ---------------

Threads class SMR info:
_java_thread_list=0x000001e5990de170, length=44, elements={
0x000001e5371bf9d0, 0x000001e54fa99ba0, 0x000001e54fa9c3c0, 0x000001e54fa9f460,
0x000001e54fa9fd30, 0x000001e54faa0ed0, 0x000001e54faa4950, 0x000001e54faa5790,
0x000001e54fb15890, 0x000001e59130f3a0, 0x000001e591461660, 0x000001e5915264e0,
0x000001e54fb3a040, 0x000001e5915ec0c0, 0x000001e591601f10, 0x000001e591ab7040,
0x000001e5965134e0, 0x000001e59163dde0, 0x000001e5966f0ed0, 0x000001e5966f0840,
0x000001e5966f1560, 0x000001e5966ee0e0, 0x000001e5966ef490, 0x000001e5966efb20,
0x000001e596cc5a50, 0x000001e596cc7b20, 0x000001e596cc8ed0, 0x000001e596cc81b0,
0x000001e596cc6770, 0x000001e596cc60e0, 0x000001e596cc8840, 0x000001e596cc6e00,
0x000001e596cc7490, 0x000001e597926dc0, 0x000001e59792a240, 0x000001e59792af60,
0x000001e597929520, 0x000001e597927450, 0x000001e597927ae0, 0x000001e59792dd50,
0x000001e597d7f430, 0x000001e597d81500, 0x000001e597d80150, 0x000001e59792c310
}

Java Threads: ( => current thread )
  0x000001e5371bf9d0 JavaThread "main"                              [_thread_blocked, id=11388, stack(0x000000a580e00000,0x000000a580f00000) (1024K)]
  0x000001e54fa99ba0 JavaThread "Reference Handler"          daemon [_thread_blocked, id=7488, stack(0x000000a581300000,0x000000a581400000) (1024K)]
  0x000001e54fa9c3c0 JavaThread "Finalizer"                  daemon [_thread_blocked, id=11024, stack(0x000000a581400000,0x000000a581500000) (1024K)]
  0x000001e54fa9f460 JavaThread "Signal Dispatcher"          daemon [_thread_blocked, id=6872, stack(0x000000a581500000,0x000000a581600000) (1024K)]
  0x000001e54fa9fd30 JavaThread "Attach Listener"            daemon [_thread_blocked, id=13108, stack(0x000000a581600000,0x000000a581700000) (1024K)]
  0x000001e54faa0ed0 JavaThread "Service Thread"             daemon [_thread_blocked, id=8288, stack(0x000000a581700000,0x000000a581800000) (1024K)]
  0x000001e54faa4950 JavaThread "Monitor Deflation Thread"   daemon [_thread_blocked, id=12440, stack(0x000000a581800000,0x000000a581900000) (1024K)]
=>0x000001e54faa5790 JavaThread "C2 CompilerThread0"         daemon [_thread_in_native, id=2276, stack(0x000000a581900000,0x000000a581a00000) (1024K)]
  0x000001e54fb15890 JavaThread "C1 CompilerThread0"         daemon [_thread_blocked, id=9352, stack(0x000000a581a00000,0x000000a581b00000) (1024K)]
  0x000001e59130f3a0 JavaThread "Common-Cleaner"             daemon [_thread_blocked, id=12392, stack(0x000000a581b00000,0x000000a581c00000) (1024K)]
  0x000001e591461660 JavaThread "Notification Thread"        daemon [_thread_blocked, id=5796, stack(0x000000a581c00000,0x000000a581d00000) (1024K)]
  0x000001e5915264e0 JavaThread "Active Thread: Equinox Container: 13d8f8d1-f804-414d-b625-dd6bcf70088c"        [_thread_blocked, id=1184, stack(0x000000a581e00000,0x000000a581f00000) (1024K)]
  0x000001e54fb3a040 JavaThread "Refresh Thread: Equinox Container: 13d8f8d1-f804-414d-b625-dd6bcf70088c" daemon [_thread_blocked, id=11708, stack(0x000000a581f00000,0x000000a582000000) (1024K)]
  0x000001e5915ec0c0 JavaThread "Framework Event Dispatcher: Equinox Container: 13d8f8d1-f804-414d-b625-dd6bcf70088c" daemon [_thread_blocked, id=2764, stack(0x000000a582000000,0x000000a582100000) (1024K)]
  0x000001e591601f10 JavaThread "Start Level: Equinox Container: 13d8f8d1-f804-414d-b625-dd6bcf70088c" daemon [_thread_blocked, id=5552, stack(0x000000a582100000,0x000000a582200000) (1024K)]
  0x000001e591ab7040 JavaThread "Bundle File Closer"         daemon [_thread_blocked, id=4952, stack(0x000000a582200000,0x000000a582300000) (1024K)]
  0x000001e5965134e0 JavaThread "SCR Component Actor"        daemon [_thread_blocked, id=6128, stack(0x000000a582300000,0x000000a582400000) (1024K)]
  0x000001e59163dde0 JavaThread "Worker-JM"                         [_thread_blocked, id=7604, stack(0x000000a582400000,0x000000a582500000) (1024K)]
  0x000001e5966f0ed0 JavaThread "JNA Cleaner"                daemon [_thread_blocked, id=4576, stack(0x000000a582500000,0x000000a582600000) (1024K)]
  0x000001e5966f0840 JavaThread "Worker-0: Send Classpath Notifications"        [_thread_blocked, id=5592, stack(0x000000a582600000,0x000000a582700000) (1024K)]
  0x000001e5966f1560 JavaThread "Worker-1"                          [_thread_blocked, id=260, stack(0x000000a582700000,0x000000a582800000) (1024K)]
  0x000001e5966ee0e0 JavaThread "Worker-2: Initialize workspace"        [_thread_in_Java, id=11416, stack(0x000000a582800000,0x000000a582900000) (1024K)]
  0x000001e5966ef490 JavaThread "Java indexing"              daemon [_thread_blocked, id=10660, stack(0x000000a582a00000,0x000000a582b00000) (1024K)]
  0x000001e5966efb20 JavaThread "Worker-4"                          [_thread_blocked, id=8640, stack(0x000000a582b00000,0x000000a582c00000) (1024K)]
  0x000001e596cc5a50 JavaThread "Worker-5"                          [_thread_blocked, id=12576, stack(0x000000a582c00000,0x000000a582d00000) (1024K)]
  0x000001e596cc7b20 JavaThread "Worker-6"                          [_thread_blocked, id=8068, stack(0x000000a582d00000,0x000000a582e00000) (1024K)]
  0x000001e596cc8ed0 JavaThread "Thread-1"                   daemon [_thread_in_native, id=10592, stack(0x000000a582e00000,0x000000a582f00000) (1024K)]
  0x000001e596cc81b0 JavaThread "Thread-2"                   daemon [_thread_in_native, id=9584, stack(0x000000a582f00000,0x000000a583000000) (1024K)]
  0x000001e596cc6770 JavaThread "Thread-3"                   daemon [_thread_in_native, id=1072, stack(0x000000a583000000,0x000000a583100000) (1024K)]
  0x000001e596cc60e0 JavaThread "pool-2-thread-1"                   [_thread_blocked, id=1312, stack(0x000000a583100000,0x000000a583200000) (1024K)]
  0x000001e596cc8840 JavaThread "Worker-7: Publish Diagnostics"        [_thread_blocked, id=7396, stack(0x000000a583200000,0x000000a583300000) (1024K)]
  0x000001e596cc6e00 JavaThread "Worker-8"                          [_thread_blocked, id=13076, stack(0x000000a583300000,0x000000a583400000) (1024K)]
  0x000001e596cc7490 JavaThread "WorkspaceEventsHandler"            [_thread_blocked, id=7976, stack(0x000000a583400000,0x000000a583500000) (1024K)]
  0x000001e597926dc0 JavaThread "pool-1-thread-1"                   [_thread_blocked, id=9440, stack(0x000000a583500000,0x000000a583600000) (1024K)]
  0x000001e59792a240 JavaThread "LocalFile Deleter"          daemon [_thread_blocked, id=4136, stack(0x000000a583600000,0x000000a583700000) (1024K)]
  0x000001e59792af60 JavaThread "LocalFile Deleter"          daemon [_thread_blocked, id=5728, stack(0x000000a583700000,0x000000a583800000) (1024K)]
  0x000001e597929520 JavaThread "Compiler Processing Task"   daemon [_thread_blocked, id=11860, stack(0x000000a580f00000,0x000000a581000000) (1024K)]
  0x000001e597927450 JavaThread "Compiler Class File Writer" daemon [_thread_blocked, id=3372, stack(0x000000a583a00000,0x000000a583b00000) (1024K)]
  0x000001e597927ae0 JavaThread "Timer-0"                           [_thread_blocked, id=11868, stack(0x000000a583c00000,0x000000a583d00000) (1024K)]
  0x000001e59792dd50 JavaThread "Thread-24"                         [_thread_in_Java, id=5616, stack(0x000000a583e00000,0x000000a583f00000) (1024K)]
  0x000001e597d7f430 JavaThread "Thread-30"                         [_thread_blocked, id=11808, stack(0x000000a584400000,0x000000a584500000) (1024K)]
  0x000001e597d81500 JavaThread "ForkJoinPool.commonPool-worker-1" daemon [_thread_blocked, id=10688, stack(0x000000a584500000,0x000000a584600000) (1024K)]
  0x000001e597d80150 JavaThread "Thread-37"                         [_thread_blocked, id=5864, stack(0x000000a584100000,0x000000a584200000) (1024K)]
  0x000001e59792c310 JavaThread "Thread-42"                         [_thread_in_native, id=10820, stack(0x000000a583b00000,0x000000a583c00000) (1024K)]
Total: 44

Other Threads:
  0x000001e53727ebc0 VMThread "VM Thread"                           [id=6760, stack(0x000000a581200000,0x000000a581300000) (1024K)] _threads_hazard_ptr=0x000001e5990de170
  0x000001e54fa7cb00 WatcherThread "VM Periodic Task Thread"        [id=12772, stack(0x000000a581100000,0x000000a581200000) (1024K)]
  0x000001e5371ddd40 WorkerThread "GC Thread#0"                     [id=8072, stack(0x000000a581000000,0x000000a581100000) (1024K)]
  0x000001e591ada410 WorkerThread "GC Thread#1"                     [id=4976, stack(0x000000a581d00000,0x000000a581e00000) (1024K)]
Total: 4

Threads with active compile tasks:
C2 CompilerThread0  114373 10211   !   4       org.eclipse.jdt.internal.core.util.DeduplicationUtil::intern (149 bytes)
Total: 1

VM state: synchronizing (normal execution)

VM Mutex/Monitor currently owned by a thread:  ([mutex/lock_event])
[0x00007ffa1e26e560] Threads_lock - owner thread: 0x000001e53727ebc0
[0x00007ffa1e26e660] Heap_lock - owner thread: 0x000001e596cc8840

Heap address: 0x0000000080000000, size: 2048 MB, Compressed Oops mode: 32-bit

CDS archive(s) mapped at: [0x000001e550000000-0x000001e550ba0000-0x000001e550ba0000), size 12189696, SharedBaseAddress: 0x000001e550000000, ArchiveRelocationMode: 1.
Compressed class space mapped at: 0x000001e551000000-0x000001e591000000, reserved size: 1073741824
Narrow klass base: 0x000001e550000000, Narrow klass shift: 0, Narrow klass range: 0x100000000

GC Precious Log:
 CardTable entry size: 512
 CPUs: 2 total, 2 available
 Memory: 3858M
 Large Page Support: Disabled
 NUMA Support: Disabled
 Compressed Oops: Enabled (32-bit)
 Alignments: Space 512K, Generation 512K, Heap 2M
 Heap Min Capacity: 100M
 Heap Initial Capacity: 100M
 Heap Max Capacity: 2G
 Pre-touch: Disabled
 Parallel Workers: 2

Heap:
 PSYoungGen      total 17920K, used 17696K [0x00000000d5580000, 0x00000000d6d00000, 0x0000000100000000)
  eden space 17408K, 100% used [0x00000000d5580000,0x00000000d6680000,0x00000000d6680000)
  from space 512K, 56% used [0x00000000d6c80000,0x00000000d6cc8000,0x00000000d6d00000)
  to   space 1024K, 0% used [0x00000000d6b00000,0x00000000d6b00000,0x00000000d6c00000)
 ParOldGen       total 81408K, used 81383K [0x0000000080000000, 0x0000000084f80000, 0x00000000d5580000)
  object space 81408K, 99% used [0x0000000080000000,0x0000000084f79d60,0x0000000084f80000)
 Metaspace       used 70932K, committed 72576K, reserved 1114112K
  class space    used 8050K, committed 8768K, reserved 1048576K

Card table byte_map: [0x000001e54aeb0000,0x000001e54b2c0000] _byte_map_base: 0x000001e54aab0000

Marking Bits: (ParMarkBitMap*) 0x00007ffa1e273450
 Begin Bits: [0x000001e54b570000, 0x000001e54d570000)
 End Bits:   [0x000001e54d570000, 0x000001e54f570000)

Polling page: 0x000001e537280000

Metaspace:

Usage:
  Non-class:     61.41 MB used.
      Class:      7.86 MB used.
       Both:     69.27 MB used.

Virtual space:
  Non-class space:       64.00 MB reserved,      62.31 MB ( 97%) committed,  1 nodes.
      Class space:        1.00 GB reserved,       8.56 MB ( <1%) committed,  1 nodes.
             Both:        1.06 GB reserved,      70.88 MB (  7%) committed. 

Chunk freelists:
   Non-Class:  1.60 MB
       Class:  7.50 MB
        Both:  9.10 MB

MaxMetaspaceSize: unlimited
CompressedClassSpaceSize: 1.00 GB
Initial GC threshold: 21.00 MB
Current GC threshold: 97.31 MB
CDS: on
 - commit_granule_bytes: 65536.
 - commit_granule_words: 8192.
 - virtual_space_node_default_size: 8388608.
 - enlarge_chunks_in_place: 1.
 - use_allocation_guard: 0.


Internal statistics:

num_allocs_failed_limit: 11.
num_arena_births: 1228.
num_arena_deaths: 14.
num_vsnodes_births: 2.
num_vsnodes_deaths: 0.
num_space_committed: 1134.
num_space_uncommitted: 0.
num_chunks_returned_to_freelist: 25.
num_chunks_taken_from_freelist: 4431.
num_chunk_merges: 10.
num_chunk_splits: 2810.
num_chunks_enlarged: 1750.
num_inconsistent_stats: 0.

CodeHeap 'non-profiled nmethods': size=120064Kb used=6372Kb max_used=6372Kb free=113691Kb
 bounds [0x000001e543780000, 0x000001e543dc0000, 0x000001e54acc0000]
CodeHeap 'profiled nmethods': size=120000Kb used=21363Kb max_used=21363Kb free=98636Kb
 bounds [0x000001e53bcc0000, 0x000001e53d1a0000, 0x000001e5431f0000]
CodeHeap 'non-nmethods': size=5696Kb used=1436Kb max_used=1476Kb free=4259Kb
 bounds [0x000001e5431f0000, 0x000001e543460000, 0x000001e543780000]
CodeCache: size=245760Kb, used=29171Kb, max_used=29211Kb, free=216586Kb
 total_blobs=10104, nmethods=9345, adapters=665, full_count=0
Compilation: enabled, stopped_count=0, restarted_count=0

Compilation events (20 events):
Event: 113.929 Thread 0x000001e54fb15890 10240       2       java.nio.Bits::unreserveMemory (64 bytes)
Event: 113.929 Thread 0x000001e54fb15890 nmethod 10240 0x000001e53d197090 code [0x000001e53d197260, 0x000001e53d1973d8]
Event: 113.929 Thread 0x000001e54fb15890 10238       2       java.util.concurrent.locks.AbstractQueuedSynchronizer$ExclusiveNode::<init> (5 bytes)
Event: 113.929 Thread 0x000001e54fb15890 nmethod 10238 0x000001e53d197510 code [0x000001e53d1976a0, 0x000001e53d1977a8]
Event: 113.930 Thread 0x000001e54fb15890 10241   !   2       sun.nio.ch.PendingFuture::prepareForWait (43 bytes)
Event: 113.930 Thread 0x000001e54fb15890 nmethod 10241 0x000001e53d197890 code [0x000001e53d197a40, 0x000001e53d197dd0]
Event: 113.930 Thread 0x000001e54fb15890 10242       2       java.util.concurrent.locks.AbstractQueuedSynchronizer::acquireSharedInterruptibly (36 bytes)
Event: 113.931 Thread 0x000001e54fb15890 nmethod 10242 0x000001e53d197f10 code [0x000001e53d1980e0, 0x000001e53d1983c0]
Event: 114.094 Thread 0x000001e54fb15890 10243   !   2       sun.nio.ch.PendingFuture::setResult (67 bytes)
Event: 114.095 Thread 0x000001e54fb15890 nmethod 10243 0x000001e53d198590 code [0x000001e53d198760, 0x000001e53d198ac0]
Event: 114.095 Thread 0x000001e54fb15890 10244       2       sun.nio.ch.Invoker::invokeUnchecked (47 bytes)
Event: 114.095 Thread 0x000001e54fb15890 nmethod 10244 0x000001e53d198c90 code [0x000001e53d198e40, 0x000001e53d198fc8]
Event: 114.095 Thread 0x000001e54fb15890 10245       2       sun.nio.ch.WindowsAsynchronousFileChannelImpl$WriteTask::<init> (38 bytes)
Event: 114.096 Thread 0x000001e54fb15890 nmethod 10245 0x000001e53d199110 code [0x000001e53d1992a0, 0x000001e53d1993f8]
Event: 114.096 Thread 0x000001e54fb15890 10246   !   2       sun.nio.ch.WindowsAsynchronousFileChannelImpl$WriteTask::run (253 bytes)
Event: 114.098 Thread 0x000001e54fb15890 nmethod 10246 0x000001e53d199490 code [0x000001e53d199820, 0x000001e53d19a6d8]
Event: 114.103 Thread 0x000001e54fb15890 10247       2       java.util.concurrent.locks.AbstractQueuedSynchronizer::signalNextIfShared (41 bytes)
Event: 114.104 Thread 0x000001e54fb15890 nmethod 10247 0x000001e53d19b490 code [0x000001e53d19b660, 0x000001e53d19b8c8]
Event: 114.302 Thread 0x000001e54fb15890 10250       2       java.util.AbstractMap$1::size (8 bytes)
Event: 114.303 Thread 0x000001e54fb15890 nmethod 10250 0x000001e53d19ba10 code [0x000001e53d19bbc0, 0x000001e53d19bcf8]

GC Heap History (20 events):
Event: 110.895 GC heap before
{Heap before GC invocations=52 (full 3):
 PSYoungGen      total 18432K, used 18414K [0x00000000d5580000, 0x00000000d6f80000, 0x0000000100000000)
  eden space 17408K, 100% used [0x00000000d5580000,0x00000000d6680000,0x00000000d6680000)
  from space 1024K, 98% used [0x00000000d6e80000,0x00000000d6f7bb90,0x00000000d6f80000)
  to   space 4096K, 0% used [0x00000000d6780000,0x00000000d6780000,0x00000000d6b80000)
 ParOldGen       total 69120K, used 68659K [0x0000000080000000, 0x0000000084380000, 0x00000000d5580000)
  object space 69120K, 99% used [0x0000000080000000,0x000000008430cf50,0x0000000084380000)
 Metaspace       used 70535K, committed 72000K, reserved 1114112K
  class space    used 8003K, committed 8640K, reserved 1048576K
}
Event: 110.909 GC heap after
{Heap after GC invocations=52 (full 3):
 PSYoungGen      total 21504K, used 4075K [0x00000000d5580000, 0x00000000d7680000, 0x0000000100000000)
  eden space 17408K, 0% used [0x00000000d5580000,0x00000000d5580000,0x00000000d6680000)
  from space 4096K, 99% used [0x00000000d6780000,0x00000000d6b7afe8,0x00000000d6b80000)
  to   space 8192K, 0% used [0x00000000d6e80000,0x00000000d6e80000,0x00000000d7680000)
 ParOldGen       total 72192K, used 71773K [0x0000000080000000, 0x0000000084680000, 0x00000000d5580000)
  object space 72192K, 99% used [0x0000000080000000,0x0000000084617418,0x0000000084680000)
 Metaspace       used 70535K, committed 72000K, reserved 1114112K
  class space    used 8003K, committed 8640K, reserved 1048576K
}
Event: 111.525 GC heap before
{Heap before GC invocations=53 (full 3):
 PSYoungGen      total 21504K, used 21483K [0x00000000d5580000, 0x00000000d7680000, 0x0000000100000000)
  eden space 17408K, 100% used [0x00000000d5580000,0x00000000d6680000,0x00000000d6680000)
  from space 4096K, 99% used [0x00000000d6780000,0x00000000d6b7afe8,0x00000000d6b80000)
  to   space 8192K, 0% used [0x00000000d6e80000,0x00000000d6e80000,0x00000000d7680000)
 ParOldGen       total 72192K, used 71773K [0x0000000080000000, 0x0000000084680000, 0x00000000d5580000)
  object space 72192K, 99% used [0x0000000080000000,0x0000000084617418,0x0000000084680000)
 Metaspace       used 70758K, committed 72320K, reserved 1114112K
  class space    used 8029K, committed 8704K, reserved 1048576K
}
Event: 111.537 GC heap after
{Heap after GC invocations=53 (full 3):
 PSYoungGen      total 19968K, used 2552K [0x00000000d5580000, 0x00000000d7100000, 0x0000000100000000)
  eden space 17408K, 0% used [0x00000000d5580000,0x00000000d5580000,0x00000000d6680000)
  from space 2560K, 99% used [0x00000000d6e80000,0x00000000d70fe328,0x00000000d7100000)
  to   space 4608K, 0% used [0x00000000d6800000,0x00000000d6800000,0x00000000d6c80000)
 ParOldGen       total 76288K, used 75874K [0x0000000080000000, 0x0000000084a80000, 0x00000000d5580000)
  object space 76288K, 99% used [0x0000000080000000,0x0000000084a18ba8,0x0000000084a80000)
 Metaspace       used 70758K, committed 72320K, reserved 1114112K
  class space    used 8029K, committed 8704K, reserved 1048576K
}
Event: 112.157 GC heap before
{Heap before GC invocations=54 (full 3):
 PSYoungGen      total 19968K, used 19960K [0x00000000d5580000, 0x00000000d7100000, 0x0000000100000000)
  eden space 17408K, 100% used [0x00000000d5580000,0x00000000d6680000,0x00000000d6680000)
  from space 2560K, 99% used [0x00000000d6e80000,0x00000000d70fe328,0x00000000d7100000)
  to   space 4608K, 0% used [0x00000000d6800000,0x00000000d6800000,0x00000000d6c80000)
 ParOldGen       total 76288K, used 75874K [0x0000000080000000, 0x0000000084a80000, 0x00000000d5580000)
  object space 76288K, 99% used [0x0000000080000000,0x0000000084a18ba8,0x0000000084a80000)
 Metaspace       used 70760K, committed 72320K, reserved 1114112K
  class space    used 8029K, committed 8704K, reserved 1048576K
}
Event: 112.163 GC heap after
{Heap after GC invocations=54 (full 3):
 PSYoungGen      total 22016K, used 644K [0x00000000d5580000, 0x00000000d6f00000, 0x0000000100000000)
  eden space 17408K, 0% used [0x00000000d5580000,0x00000000d5580000,0x00000000d6680000)
  from space 4608K, 13% used [0x00000000d6800000,0x00000000d68a1080,0x00000000d6c80000)
  to   space 2048K, 0% used [0x00000000d6d00000,0x00000000d6d00000,0x00000000d6f00000)
 ParOldGen       total 78848K, used 78414K [0x0000000080000000, 0x0000000084d00000, 0x00000000d5580000)
  object space 78848K, 99% used [0x0000000080000000,0x0000000084c93b38,0x0000000084d00000)
 Metaspace       used 70760K, committed 72320K, reserved 1114112K
  class space    used 8029K, committed 8704K, reserved 1048576K
}
Event: 112.547 GC heap before
{Heap before GC invocations=55 (full 3):
 PSYoungGen      total 22016K, used 18052K [0x00000000d5580000, 0x00000000d6f00000, 0x0000000100000000)
  eden space 17408K, 100% used [0x00000000d5580000,0x00000000d6680000,0x00000000d6680000)
  from space 4608K, 13% used [0x00000000d6800000,0x00000000d68a1080,0x00000000d6c80000)
  to   space 2048K, 0% used [0x00000000d6d00000,0x00000000d6d00000,0x00000000d6f00000)
 ParOldGen       total 78848K, used 78414K [0x0000000080000000, 0x0000000084d00000, 0x00000000d5580000)
  object space 78848K, 99% used [0x0000000080000000,0x0000000084c93b38,0x0000000084d00000)
 Metaspace       used 70760K, committed 72320K, reserved 1114112K
  class space    used 8029K, committed 8704K, reserved 1048576K
}
Event: 112.554 GC heap after
{Heap after GC invocations=55 (full 3):
 PSYoungGen      total 17920K, used 384K [0x00000000d5580000, 0x00000000d6d80000, 0x0000000100000000)
  eden space 17408K, 0% used [0x00000000d5580000,0x00000000d5580000,0x00000000d6680000)
  from space 512K, 75% used [0x00000000d6d00000,0x00000000d6d60000,0x00000000d6d80000)
  to   space 1024K, 0% used [0x00000000d6b80000,0x00000000d6b80000,0x00000000d6c80000)
 ParOldGen       total 79360K, used 79042K [0x0000000080000000, 0x0000000084d80000, 0x00000000d5580000)
  object space 79360K, 99% used [0x0000000080000000,0x0000000084d30a70,0x0000000084d80000)
 Metaspace       used 70760K, committed 72320K, reserved 1114112K
  class space    used 8029K, committed 8704K, reserved 1048576K
}
Event: 112.825 GC heap before
{Heap before GC invocations=56 (full 3):
 PSYoungGen      total 17920K, used 17792K [0x00000000d5580000, 0x00000000d6d80000, 0x0000000100000000)
  eden space 17408K, 100% used [0x00000000d5580000,0x00000000d6680000,0x00000000d6680000)
  from space 512K, 75% used [0x00000000d6d00000,0x00000000d6d60000,0x00000000d6d80000)
  to   space 1024K, 0% used [0x00000000d6b80000,0x00000000d6b80000,0x00000000d6c80000)
 ParOldGen       total 79360K, used 79042K [0x0000000080000000, 0x0000000084d80000, 0x00000000d5580000)
  object space 79360K, 99% used [0x0000000080000000,0x0000000084d30a70,0x0000000084d80000)
 Metaspace       used 70760K, committed 72320K, reserved 1114112K
  class space    used 8029K, committed 8704K, reserved 1048576K
}
Event: 112.828 GC heap after
{Heap after GC invocations=56 (full 3):
 PSYoungGen      total 18432K, used 467K [0x00000000d5580000, 0x00000000d6d80000, 0x0000000100000000)
  eden space 17408K, 0% used [0x00000000d5580000,0x00000000d5580000,0x00000000d6680000)
  from space 1024K, 45% used [0x00000000d6b80000,0x00000000d6bf4d60,0x00000000d6c80000)
  to   space 512K, 0% used [0x00000000d6d00000,0x00000000d6d00000,0x00000000d6d80000)
 ParOldGen       total 79872K, used 79362K [0x0000000080000000, 0x0000000084e00000, 0x00000000d5580000)
  object space 79872K, 99% used [0x0000000080000000,0x0000000084d80a70,0x0000000084e00000)
 Metaspace       used 70760K, committed 72320K, reserved 1114112K
  class space    used 8029K, committed 8704K, reserved 1048576K
}
Event: 113.101 GC heap before
{Heap before GC invocations=57 (full 3):
 PSYoungGen      total 18432K, used 17875K [0x00000000d5580000, 0x00000000d6d80000, 0x0000000100000000)
  eden space 17408K, 100% used [0x00000000d5580000,0x00000000d6680000,0x00000000d6680000)
  from space 1024K, 45% used [0x00000000d6b80000,0x00000000d6bf4d60,0x00000000d6c80000)
  to   space 512K, 0% used [0x00000000d6d00000,0x00000000d6d00000,0x00000000d6d80000)
 ParOldGen       total 79872K, used 79362K [0x0000000080000000, 0x0000000084e00000, 0x00000000d5580000)
  object space 79872K, 99% used [0x0000000080000000,0x0000000084d80a70,0x0000000084e00000)
 Metaspace       used 70773K, committed 72320K, reserved 1114112K
  class space    used 8030K, committed 8704K, reserved 1048576K
}
Event: 113.104 GC heap after
{Heap after GC invocations=57 (full 3):
 PSYoungGen      total 17920K, used 490K [0x00000000d5580000, 0x00000000d6d80000, 0x0000000100000000)
  eden space 17408K, 0% used [0x00000000d5580000,0x00000000d5580000,0x00000000d6680000)
  from space 512K, 95% used [0x00000000d6d00000,0x00000000d6d7aa90,0x00000000d6d80000)
  to   space 512K, 0% used [0x00000000d6c80000,0x00000000d6c80000,0x00000000d6d00000)
 ParOldGen       total 79872K, used 79834K [0x0000000080000000, 0x0000000084e00000, 0x00000000d5580000)
  object space 79872K, 99% used [0x0000000080000000,0x0000000084df6b00,0x0000000084e00000)
 Metaspace       used 70773K, committed 72320K, reserved 1114112K
  class space    used 8030K, committed 8704K, reserved 1048576K
}
Event: 113.401 GC heap before
{Heap before GC invocations=58 (full 3):
 PSYoungGen      total 17920K, used 17898K [0x00000000d5580000, 0x00000000d6d80000, 0x0000000100000000)
  eden space 17408K, 100% used [0x00000000d5580000,0x00000000d6680000,0x00000000d6680000)
  from space 512K, 95% used [0x00000000d6d00000,0x00000000d6d7aa90,0x00000000d6d80000)
  to   space 512K, 0% used [0x00000000d6c80000,0x00000000d6c80000,0x00000000d6d00000)
 ParOldGen       total 79872K, used 79834K [0x0000000080000000, 0x0000000084e00000, 0x00000000d5580000)
  object space 79872K, 99% used [0x0000000080000000,0x0000000084df6b00,0x0000000084e00000)
 Metaspace       used 70852K, committed 72448K, reserved 1114112K
  class space    used 8038K, committed 8704K, reserved 1048576K
}
Event: 113.413 GC heap after
{Heap after GC invocations=58 (full 3):
 PSYoungGen      total 17920K, used 369K [0x00000000d5580000, 0x00000000d6d80000, 0x0000000100000000)
  eden space 17408K, 0% used [0x00000000d5580000,0x00000000d5580000,0x00000000d6680000)
  from space 512K, 72% used [0x00000000d6c80000,0x00000000d6cdc460,0x00000000d6d00000)
  to   space 512K, 0% used [0x00000000d6d00000,0x00000000d6d00000,0x00000000d6d80000)
 ParOldGen       total 80384K, used 80120K [0x0000000080000000, 0x0000000084e80000, 0x00000000d5580000)
  object space 80384K, 99% used [0x0000000080000000,0x0000000084e3e3d8,0x0000000084e80000)
 Metaspace       used 70852K, committed 72448K, reserved 1114112K
  class space    used 8038K, committed 8704K, reserved 1048576K
}
Event: 113.803 GC heap before
{Heap before GC invocations=59 (full 3):
 PSYoungGen      total 17920K, used 17777K [0x00000000d5580000, 0x00000000d6d80000, 0x0000000100000000)
  eden space 17408K, 100% used [0x00000000d5580000,0x00000000d6680000,0x00000000d6680000)
  from space 512K, 72% used [0x00000000d6c80000,0x00000000d6cdc460,0x00000000d6d00000)
  to   space 512K, 0% used [0x00000000d6d00000,0x00000000d6d00000,0x00000000d6d80000)
 ParOldGen       total 80384K, used 80120K [0x0000000080000000, 0x0000000084e80000, 0x00000000d5580000)
  object space 80384K, 99% used [0x0000000080000000,0x0000000084e3e3d8,0x0000000084e80000)
 Metaspace       used 70873K, committed 72448K, reserved 1114112K
  class space    used 8043K, committed 8704K, reserved 1048576K
}
Event: 113.806 GC heap after
{Heap after GC invocations=59 (full 3):
 PSYoungGen      total 17920K, used 488K [0x00000000d5580000, 0x00000000d6d80000, 0x0000000100000000)
  eden space 17408K, 0% used [0x00000000d5580000,0x00000000d5580000,0x00000000d6680000)
  from space 512K, 95% used [0x00000000d6d00000,0x00000000d6d7a3e8,0x00000000d6d80000)
  to   space 1024K, 0% used [0x00000000d6b80000,0x00000000d6b80000,0x00000000d6c80000)
 ParOldGen       total 80384K, used 80240K [0x0000000080000000, 0x0000000084e80000, 0x00000000d5580000)
  object space 80384K, 99% used [0x0000000080000000,0x0000000084e5c3d8,0x0000000084e80000)
 Metaspace       used 70873K, committed 72448K, reserved 1114112K
  class space    used 8043K, committed 8704K, reserved 1048576K
}
Event: 114.090 GC heap before
{Heap before GC invocations=60 (full 3):
 PSYoungGen      total 17920K, used 17896K [0x00000000d5580000, 0x00000000d6d80000, 0x0000000100000000)
  eden space 17408K, 100% used [0x00000000d5580000,0x00000000d6680000,0x00000000d6680000)
  from space 512K, 95% used [0x00000000d6d00000,0x00000000d6d7a3e8,0x00000000d6d80000)
  to   space 1024K, 0% used [0x00000000d6b80000,0x00000000d6b80000,0x00000000d6c80000)
 ParOldGen       total 80384K, used 80240K [0x0000000080000000, 0x0000000084e80000, 0x00000000d5580000)
  object space 80384K, 99% used [0x0000000080000000,0x0000000084e5c3d8,0x0000000084e80000)
 Metaspace       used 70929K, committed 72576K, reserved 1114112K
  class space    used 8050K, committed 8768K, reserved 1048576K
}
Event: 114.094 GC heap after
{Heap after GC invocations=60 (full 3):
 PSYoungGen      total 18432K, used 994K [0x00000000d5580000, 0x00000000d6d80000, 0x0000000100000000)
  eden space 17408K, 0% used [0x00000000d5580000,0x00000000d5580000,0x00000000d6680000)
  from space 1024K, 97% used [0x00000000d6b80000,0x00000000d6c78a70,0x00000000d6c80000)
  to   space 1024K, 0% used [0x00000000d6c80000,0x00000000d6c80000,0x00000000d6d80000)
 ParOldGen       total 80896K, used 80756K [0x0000000080000000, 0x0000000084f00000, 0x00000000d5580000)
  object space 80896K, 99% used [0x0000000080000000,0x0000000084edd008,0x0000000084f00000)
 Metaspace       used 70929K, committed 72576K, reserved 1114112K
  class space    used 8050K, committed 8768K, reserved 1048576K
}
Event: 114.197 GC heap before
{Heap before GC invocations=61 (full 3):
 PSYoungGen      total 18432K, used 18402K [0x00000000d5580000, 0x00000000d6d80000, 0x0000000100000000)
  eden space 17408K, 100% used [0x00000000d5580000,0x00000000d6680000,0x00000000d6680000)
  from space 1024K, 97% used [0x00000000d6b80000,0x00000000d6c78a70,0x00000000d6c80000)
  to   space 1024K, 0% used [0x00000000d6c80000,0x00000000d6c80000,0x00000000d6d80000)
 ParOldGen       total 80896K, used 80756K [0x0000000080000000, 0x0000000084f00000, 0x00000000d5580000)
  object space 80896K, 99% used [0x0000000080000000,0x0000000084edd008,0x0000000084f00000)
 Metaspace       used 70932K, committed 72576K, reserved 1114112K
  class space    used 8050K, committed 8768K, reserved 1048576K
}
Event: 114.206 GC heap after
{Heap after GC invocations=61 (full 3):
 PSYoungGen      total 17920K, used 288K [0x00000000d5580000, 0x00000000d6d00000, 0x0000000100000000)
  eden space 17408K, 0% used [0x00000000d5580000,0x00000000d5580000,0x00000000d6680000)
  from space 512K, 56% used [0x00000000d6c80000,0x00000000d6cc8000,0x00000000d6d00000)
  to   space 1024K, 0% used [0x00000000d6b00000,0x00000000d6b00000,0x00000000d6c00000)
 ParOldGen       total 81408K, used 81383K [0x0000000080000000, 0x0000000084f80000, 0x00000000d5580000)
  object space 81408K, 99% used [0x0000000080000000,0x0000000084f79d60,0x0000000084f80000)
 Metaspace       used 70932K, committed 72576K, reserved 1114112K
  class space    used 8050K, committed 8768K, reserved 1048576K
}

Dll operation events (13 events):
Event: 0.169 Loaded shared library c:\Users\jaide\.vscode\extensions\redhat.java-1.54.0-win32-x64\jre\21.0.10-win32-x86_64\bin\java.dll
Event: 0.580 Loaded shared library c:\Users\jaide\.vscode\extensions\redhat.java-1.54.0-win32-x64\jre\21.0.10-win32-x86_64\bin\zip.dll
Event: 0.676 Loaded shared library C:\Users\jaide\.vscode\extensions\redhat.java-1.54.0-win32-x64\jre\21.0.10-win32-x86_64\bin\instrument.dll
Event: 0.686 Loaded shared library C:\Users\jaide\.vscode\extensions\redhat.java-1.54.0-win32-x64\jre\21.0.10-win32-x86_64\bin\net.dll
Event: 0.699 Loaded shared library C:\Users\jaide\.vscode\extensions\redhat.java-1.54.0-win32-x64\jre\21.0.10-win32-x86_64\bin\nio.dll
Event: 0.709 Loaded shared library C:\Users\jaide\.vscode\extensions\redhat.java-1.54.0-win32-x64\jre\21.0.10-win32-x86_64\bin\zip.dll
Event: 0.782 Loaded shared library C:\Users\jaide\.vscode\extensions\redhat.java-1.54.0-win32-x64\jre\21.0.10-win32-x86_64\bin\jimage.dll
Event: 1.063 Loaded shared library c:\Users\jaide\.vscode\extensions\redhat.java-1.54.0-win32-x64\jre\21.0.10-win32-x86_64\bin\verify.dll
Event: 9.479 Loaded shared library C:\Users\jaide\AppData\Roaming\Code\User\globalStorage\redhat.java\1.54.0\config_win\org.eclipse.equinox.launcher\org.eclipse.equinox.launcher.win32.win32.x86_64_1.3.0.v20260203-2149\eclipse_11919.dll
Event: 20.314 Loaded shared library C:\Users\jaide\AppData\Local\Temp\jna-100887059\jna7822769238149278756.dll
Event: 85.578 Loaded shared library C:\Users\jaide\.gradle\native\1def1411415f61bf3af743bc5b6707747c0891f09f0c88961ee8f79bc544acac\windows-amd64\native-platform.dll
Event: 102.388 Loaded shared library C:\Users\jaide\.vscode\extensions\redhat.java-1.54.0-win32-x64\jre\21.0.10-win32-x86_64\bin\management.dll
Event: 102.395 Loaded shared library C:\Users\jaide\.vscode\extensions\redhat.java-1.54.0-win32-x64\jre\21.0.10-win32-x86_64\bin\management_ext.dll

Deoptimization events (20 events):
Event: 113.154 Thread 0x000001e59792bc80 DEOPT PACKING pc=0x000001e543b39b74 sp=0x000000a580dfe8a0
Event: 113.154 Thread 0x000001e59792bc80 DEOPT UNPACKING pc=0x000001e543243a9c sp=0x000000a580dfe830 mode 2
Event: 113.154 Thread 0x000001e59792bc80 Uncommon trap: trap_request=0xffffff45 fr.pc=0x000001e543b2af68 relative=0x00000000000001c8
Event: 113.154 Thread 0x000001e59792bc80 Uncommon trap: reason=unstable_if action=reinterpret pc=0x000001e543b2af68 method=org.eclipse.core.runtime.Path.computeLength()I @ 92 c2
Event: 113.154 Thread 0x000001e59792bc80 DEOPT PACKING pc=0x000001e543b2af68 sp=0x000000a580dfe7f0
Event: 113.154 Thread 0x000001e59792bc80 DEOPT UNPACKING pc=0x000001e543243a9c sp=0x000000a580dfe780 mode 2
Event: 113.245 Thread 0x000001e597928170 DEOPT PACKING pc=0x000001e53c81a720 sp=0x000000a5829fe920
Event: 113.245 Thread 0x000001e597928170 DEOPT UNPACKING pc=0x000001e543244223 sp=0x000000a5829fde28 mode 3
Event: 113.856 Thread 0x000001e59792c310 Uncommon trap: trap_request=0xffffff45 fr.pc=0x000001e543b2c1bc relative=0x0000000000000d3c
Event: 113.856 Thread 0x000001e59792c310 Uncommon trap: reason=unstable_if action=reinterpret pc=0x000001e543b2c1bc method=org.eclipse.core.internal.watson.ElementTree.getElementData(Lorg/eclipse/core/runtime/IPath;)Ljava/lang/Object; @ 21 c2
Event: 113.856 Thread 0x000001e59792c310 DEOPT PACKING pc=0x000001e543b2c1bc sp=0x000000a583bfe840
Event: 113.856 Thread 0x000001e59792c310 DEOPT UNPACKING pc=0x000001e543243a9c sp=0x000000a583bfe7a0 mode 2
Event: 113.867 Thread 0x000001e59792c310 Uncommon trap: trap_request=0xffffffc6 fr.pc=0x000001e543d4ec00 relative=0x0000000000000660
Event: 113.867 Thread 0x000001e59792c310 Uncommon trap: reason=bimorphic_or_optimized_type_check action=maybe_recompile pc=0x000001e543d4ec00 method=java.util.regex.Pattern$CharProperty.match(Ljava/util/regex/Matcher;ILjava/lang/CharSequence;)Z @ 52 c2
Event: 113.867 Thread 0x000001e59792c310 DEOPT PACKING pc=0x000001e543d4ec00 sp=0x000000a583bfe650
Event: 113.867 Thread 0x000001e59792c310 DEOPT UNPACKING pc=0x000001e543243a9c sp=0x000000a583bfe5f0 mode 2
Event: 113.868 Thread 0x000001e59792c310 Uncommon trap: trap_request=0xffffffc6 fr.pc=0x000001e543d4ec00 relative=0x0000000000000660
Event: 113.868 Thread 0x000001e59792c310 Uncommon trap: reason=bimorphic_or_optimized_type_check action=maybe_recompile pc=0x000001e543d4ec00 method=java.util.regex.Pattern$CharProperty.match(Ljava/util/regex/Matcher;ILjava/lang/CharSequence;)Z @ 52 c2
Event: 113.868 Thread 0x000001e59792c310 DEOPT PACKING pc=0x000001e543d4ec00 sp=0x000000a583bfe650
Event: 113.868 Thread 0x000001e59792c310 DEOPT UNPACKING pc=0x000001e543243a9c sp=0x000000a583bfe5f0 mode 2

Classes loaded (20 events):
Event: 103.963 Loading class java/util/concurrent/CompletableFuture$UniExceptionally
Event: 103.963 Loading class java/util/concurrent/CompletableFuture$UniExceptionally done
Event: 105.654 Loading class java/nio/charset/CharacterCodingException
Event: 105.654 Loading class java/nio/charset/CharacterCodingException done
Event: 105.654 Loading class java/io/SequenceInputStream
Event: 105.655 Loading class java/io/SequenceInputStream done
Event: 107.828 Loading class java/util/Hashtable$KeySet
Event: 107.828 Loading class java/util/Hashtable$KeySet done
Event: 108.657 Loading class java/lang/UnsupportedClassVersionError
Event: 108.657 Loading class java/lang/UnsupportedClassVersionError done
Event: 109.777 Loading class java/util/stream/DistinctOps
Event: 109.777 Loading class java/util/stream/DistinctOps done
Event: 109.777 Loading class java/util/stream/DistinctOps$1
Event: 109.778 Loading class java/util/stream/DistinctOps$1 done
Event: 110.279 Loading class java/util/stream/DistinctOps$1$2
Event: 110.279 Loading class java/util/stream/DistinctOps$1$2 done
Event: 112.976 Loading class java/lang/Throwable$WrappedPrintWriter
Event: 112.976 Loading class java/lang/Throwable$PrintStreamOrWriter
Event: 112.976 Loading class java/lang/Throwable$PrintStreamOrWriter done
Event: 112.976 Loading class java/lang/Throwable$WrappedPrintWriter done

Classes unloaded (7 events):
Event: 23.666 Thread 0x000001e53727ebc0 Unloading class 0x000001e5511a9c00 'java/lang/invoke/LambdaForm$MH+0x000001e5511a9c00'
Event: 23.666 Thread 0x000001e53727ebc0 Unloading class 0x000001e5511a9800 'java/lang/invoke/LambdaForm$MH+0x000001e5511a9800'
Event: 23.666 Thread 0x000001e53727ebc0 Unloading class 0x000001e5511a9400 'java/lang/invoke/LambdaForm$MH+0x000001e5511a9400'
Event: 23.666 Thread 0x000001e53727ebc0 Unloading class 0x000001e5511a9000 'java/lang/invoke/LambdaForm$MH+0x000001e5511a9000'
Event: 23.666 Thread 0x000001e53727ebc0 Unloading class 0x000001e5511a8c00 'java/lang/invoke/LambdaForm$BMH+0x000001e5511a8c00'
Event: 23.666 Thread 0x000001e53727ebc0 Unloading class 0x000001e5511a8800 'java/lang/invoke/LambdaForm$DMH+0x000001e5511a8800'
Event: 23.666 Thread 0x000001e53727ebc0 Unloading class 0x000001e5511a3400 'java/lang/invoke/LambdaForm$DMH+0x000001e5511a3400'

Classes redefined (0 events):
No events

Internal exceptions (20 events):
Event: 107.925 Thread 0x000001e5966ee0e0 Exception <a 'java/io/FileNotFoundException'{0x00000000d6113d20}> (0x00000000d6113d20) 
thrown [s\src\hotspot\share\prims\jni.cpp, line 520]
Event: 107.925 Thread 0x000001e5966ee0e0 Exception <a 'java/io/FileNotFoundException'{0x00000000d61feae0}> (0x00000000d61feae0) 
thrown [s\src\hotspot\share\prims\jni.cpp, line 520]
Event: 109.370 Thread 0x000001e59792dd50 Exception <a 'java/lang/NoSuchMethodError'{0x00000000d588e818}: 'int java.lang.invoke.Invokers$Holder.invokeExact_MT(java.lang.Object, java.lang.Object)'> (0x00000000d588e818) 
thrown [s\src\hotspot\share\interpreter\linkResolver.cpp, line 773]
Event: 109.772 Thread 0x000001e5966ee0e0 Exception <a 'sun/nio/fs/WindowsException'{0x00000000d5d1a830}> (0x00000000d5d1a830) 
thrown [s\src\hotspot\share\prims\jni.cpp, line 520]
Event: 109.772 Thread 0x000001e5966ee0e0 Exception <a 'sun/nio/fs/WindowsException'{0x00000000d5d1ae60}> (0x00000000d5d1ae60) 
thrown [s\src\hotspot\share\prims\jni.cpp, line 520]
Event: 111.371 Thread 0x000001e5966f0840 Exception <a 'sun/nio/fs/WindowsException'{0x00000000d5c717c0}> (0x00000000d5c717c0) 
thrown [s\src\hotspot\share\prims\jni.cpp, line 520]
Event: 111.371 Thread 0x000001e5966f0840 Exception <a 'sun/nio/fs/WindowsException'{0x00000000d5c71df0}> (0x00000000d5c71df0) 
thrown [s\src\hotspot\share\prims\jni.cpp, line 520]
Event: 112.556 Thread 0x000001e596cc8840 Implicit null exception at 0x000001e543d8da54 to 0x000001e543d92910
Event: 112.556 Thread 0x000001e596cc8840 Implicit null exception at 0x000001e543d97b09 to 0x000001e543d981e9
Event: 113.221 Thread 0x000001e597928170 Exception <a 'sun/nio/fs/WindowsException'{0x00000000d5b0bc10}> (0x00000000d5b0bc10) 
thrown [s\src\hotspot\share\prims\jni.cpp, line 520]
Event: 113.222 Thread 0x000001e597928170 Exception <a 'sun/nio/fs/WindowsException'{0x00000000d5b0c510}> (0x00000000d5b0c510) 
thrown [s\src\hotspot\share\prims\jni.cpp, line 520]
Event: 113.222 Thread 0x000001e597928170 Exception <a 'sun/nio/fs/WindowsException'{0x00000000d5b0d258}> (0x00000000d5b0d258) 
thrown [s\src\hotspot\share\prims\jni.cpp, line 520]
Event: 113.222 Thread 0x000001e597928170 Exception <a 'sun/nio/fs/WindowsException'{0x00000000d5b0db38}> (0x00000000d5b0db38) 
thrown [s\src\hotspot\share\prims\jni.cpp, line 520]
Event: 113.223 Thread 0x000001e597928170 Exception <a 'sun/nio/fs/WindowsException'{0x00000000d5b0f2a8}> (0x00000000d5b0f2a8) 
thrown [s\src\hotspot\share\prims\jni.cpp, line 520]
Event: 113.223 Thread 0x000001e597928170 Exception <a 'sun/nio/fs/WindowsException'{0x00000000d5b0f8d8}> (0x00000000d5b0f8d8) 
thrown [s\src\hotspot\share\prims\jni.cpp, line 520]
Event: 113.306 Thread 0x000001e59792c310 Exception <a 'java/lang/NoSuchMethodError'{0x00000000d5d3b200}: 'java.lang.Object java.lang.invoke.DirectMethodHandle$Holder.invokeStaticInit(java.lang.Object, java.lang.Object, java.lang.Object)'> (0x00000000d5d3b200) 
thrown [s\src\hotspot\share\interpreter\linkResolver.cpp, line 773]
Event: 113.618 Thread 0x000001e5966f0840 Exception <a 'sun/nio/fs/WindowsException'{0x00000000d62d22a8}> (0x00000000d62d22a8) 
thrown [s\src\hotspot\share\prims\jni.cpp, line 520]
Event: 113.619 Thread 0x000001e5966f0840 Exception <a 'sun/nio/fs/WindowsException'{0x00000000d62d28d8}> (0x00000000d62d28d8) 
thrown [s\src\hotspot\share\prims\jni.cpp, line 520]
Event: 113.856 Thread 0x000001e59792c310 Implicit null exception at 0x000001e543b2b9c7 to 0x000001e543b2c198
Event: 113.916 Thread 0x000001e5966f0840 Exception <a 'java/lang/NoSuchMethodError'{0x00000000d64ad040}: 'java.lang.Object java.lang.invoke.Invokers$Holder.linkToTargetMethod(java.lang.Object, java.lang.Object, int, int, java.lang.Object)'> (0x00000000d64ad040) 
thrown [s\src\hotspot\share\interpreter\linkResolver.cpp, line 773]

ZGC Phase Switch (0 events):
No events

VM Operations (20 events):
Event: 111.524 Executing safepoint VM operation: ParallelGCFailedAllocation (Allocation Failure)
Event: 111.537 Executing safepoint VM operation: ParallelGCFailedAllocation (Allocation Failure) done
Event: 112.157 Executing safepoint VM operation: ParallelGCFailedAllocation (Allocation Failure)
Event: 112.163 Executing safepoint VM operation: ParallelGCFailedAllocation (Allocation Failure) done
Event: 112.542 Executing safepoint VM operation: ParallelGCFailedAllocation (Allocation Failure)
Event: 112.554 Executing safepoint VM operation: ParallelGCFailedAllocation (Allocation Failure) done
Event: 112.824 Executing safepoint VM operation: ParallelGCFailedAllocation (Allocation Failure)
Event: 112.828 Executing safepoint VM operation: ParallelGCFailedAllocation (Allocation Failure) done
Event: 113.043 Executing safepoint VM operation: ParallelGCFailedAllocation (Allocation Failure)
Event: 113.104 Executing safepoint VM operation: ParallelGCFailedAllocation (Allocation Failure) done
Event: 113.245 Executing non-safepoint VM operation: HandshakeAllThreads (Deoptimize)
Event: 113.245 Executing non-safepoint VM operation: HandshakeAllThreads (Deoptimize) done
Event: 113.401 Executing safepoint VM operation: ParallelGCFailedAllocation (Allocation Failure)
Event: 113.413 Executing safepoint VM operation: ParallelGCFailedAllocation (Allocation Failure) done
Event: 113.762 Executing safepoint VM operation: ParallelGCFailedAllocation (Allocation Failure)
Event: 113.846 Executing safepoint VM operation: ParallelGCFailedAllocation (Allocation Failure) done
Event: 113.954 Executing safepoint VM operation: ParallelGCFailedAllocation (Allocation Failure)
Event: 114.105 Executing safepoint VM operation: ParallelGCFailedAllocation (Allocation Failure) done
Event: 114.197 Executing safepoint VM operation: ParallelGCFailedAllocation (Allocation Failure)
Event: 114.206 Executing safepoint VM operation: ParallelGCFailedAllocation (Allocation Failure) done

Memory protections (0 events):
No events

Nmethod flushes (20 events):
Event: 74.062 Thread 0x000001e53727ebc0 flushing  nmethod 0x000001e53c661b10
Event: 74.062 Thread 0x000001e53727ebc0 flushing  nmethod 0x000001e53c668010
Event: 74.062 Thread 0x000001e53727ebc0 flushing  nmethod 0x000001e53c671490
Event: 74.062 Thread 0x000001e53727ebc0 flushing  nmethod 0x000001e53c698590
Event: 74.062 Thread 0x000001e53727ebc0 flushing  nmethod 0x000001e53c69ab10
Event: 74.062 Thread 0x000001e53727ebc0 flushing  nmethod 0x000001e53c69e710
Event: 74.062 Thread 0x000001e53727ebc0 flushing  nmethod 0x000001e53c6a9290
Event: 74.062 Thread 0x000001e53727ebc0 flushing osr nmethod 0x000001e53c6bc590
Event: 74.062 Thread 0x000001e53727ebc0 flushing osr nmethod 0x000001e53c6e3110
Event: 74.062 Thread 0x000001e53727ebc0 flushing  nmethod 0x000001e53c6e4e90
Event: 74.062 Thread 0x000001e53727ebc0 flushing  nmethod 0x000001e53c6f2b10
Event: 74.062 Thread 0x000001e53727ebc0 flushing  nmethod 0x000001e53c6ff310
Event: 74.062 Thread 0x000001e53727ebc0 flushing  nmethod 0x000001e53c700610
Event: 74.062 Thread 0x000001e53727ebc0 flushing  nmethod 0x000001e53c704e90
Event: 74.062 Thread 0x000001e53727ebc0 flushing  nmethod 0x000001e53c713510
Event: 74.062 Thread 0x000001e53727ebc0 flushing  nmethod 0x000001e53c72e910
Event: 74.062 Thread 0x000001e53727ebc0 flushing  nmethod 0x000001e53c732490
Event: 74.062 Thread 0x000001e53727ebc0 flushing  nmethod 0x000001e53c73a290
Event: 74.062 Thread 0x000001e53727ebc0 flushing  nmethod 0x000001e53c782210
Event: 74.062 Thread 0x000001e53727ebc0 flushing  nmethod 0x000001e53c782810

Events (20 events):
Event: 110.946 Thread 0x000001e597926dc0 Thread added: 0x000001e597d80e70
Event: 110.946 Thread 0x000001e597926dc0 Thread added: 0x000001e597d7e710
Event: 110.948 Thread 0x000001e597926dc0 Thread added: 0x000001e597d7fac0
Event: 110.952 Thread 0x000001e597926dc0 Thread added: 0x000001e597d807e0
Event: 110.959 Thread 0x000001e597926dc0 Thread added: 0x000001e597d80150
Event: 110.960 Thread 0x000001e597926dc0 Thread added: 0x000001e59792bc80
Event: 110.962 Thread 0x000001e597926dc0 Thread added: 0x000001e597928e90
Event: 111.073 Thread 0x000001e597d7eda0 Thread exited: 0x000001e597d7eda0
Event: 111.286 Thread 0x000001e597d7e080 Thread exited: 0x000001e597d7e080
Event: 111.343 Thread 0x000001e597d7fac0 Thread exited: 0x000001e597d7fac0
Event: 111.343 Thread 0x000001e597d7e710 Thread exited: 0x000001e597d7e710
Event: 111.344 Thread 0x000001e597d80e70 Thread exited: 0x000001e597d80e70
Event: 111.388 Thread 0x000001e597d807e0 Thread exited: 0x000001e597d807e0
Event: 111.438 Thread 0x000001e597928e90 Thread exited: 0x000001e597928e90
Event: 111.504 Thread 0x000001e59792bc80 Thread exited: 0x000001e59792bc80
Event: 112.907 Thread 0x000001e597926dc0 Thread added: 0x000001e59792bc80
Event: 112.908 Thread 0x000001e597926dc0 Thread added: 0x000001e597928170
Event: 112.921 Thread 0x000001e597926dc0 Thread added: 0x000001e59792c310
Event: 113.174 Thread 0x000001e59792bc80 Thread exited: 0x000001e59792bc80
Event: 113.256 Thread 0x000001e597928170 Thread exited: 0x000001e597928170


Dynamic libraries:
0x00007ff6fe020000 - 0x00007ff6fe02e000 	c:\Users\jaide\.vscode\extensions\redhat.java-1.54.0-win32-x64\jre\21.0.10-win32-x86_64\bin\java.exe
0x00007ffaa8330000 - 0x00007ffaa8547000 	C:\Windows\SYSTEM32\ntdll.dll
0x00007ffaa7380000 - 0x00007ffaa7444000 	C:\Windows\System32\KERNEL32.DLL
0x00007ffaa5590000 - 0x00007ffaa5962000 	C:\Windows\System32\KERNELBASE.dll
0x00007ffaa5d30000 - 0x00007ffaa5e41000 	C:\Windows\System32\ucrtbase.dll
0x00007ffa6f1d0000 - 0x00007ffa6f1e8000 	c:\Users\jaide\.vscode\extensions\redhat.java-1.54.0-win32-x64\jre\21.0.10-win32-x86_64\bin\jli.dll
0x00007ffaa7520000 - 0x00007ffaa76d1000 	C:\Windows\System32\USER32.dll
0x00007ffaa5560000 - 0x00007ffaa5586000 	C:\Windows\System32\win32u.dll
0x00007ffaa7840000 - 0x00007ffaa7869000 	C:\Windows\System32\GDI32.dll
0x00007ffaa5b40000 - 0x00007ffaa5c63000 	C:\Windows\System32\gdi32full.dll
0x00007ffaa5aa0000 - 0x00007ffaa5b3a000 	C:\Windows\System32\msvcp_win.dll
0x00007ffa6d4d0000 - 0x00007ffa6d4ee000 	c:\Users\jaide\.vscode\extensions\redhat.java-1.54.0-win32-x64\jre\21.0.10-win32-x86_64\bin\VCRUNTIME140.dll
0x00007ffa90ca0000 - 0x00007ffa90f3b000 	C:\Windows\WinSxS\amd64_microsoft.windows.common-controls_6595b64144ccf1df_6.0.22621.5547_none_27104afb73855772\COMCTL32.dll
0x00007ffaa7e90000 - 0x00007ffaa7f37000 	C:\Windows\System32\msvcrt.dll
0x00007ffaa7450000 - 0x00007ffaa7481000 	C:\Windows\System32\IMM32.DLL
0x00007ffa91c70000 - 0x00007ffa91c7c000 	c:\Users\jaide\.vscode\extensions\redhat.java-1.54.0-win32-x64\jre\21.0.10-win32-x86_64\bin\vcruntime140_1.dll
0x00007ffa5aba0000 - 0x00007ffa5ac2d000 	c:\Users\jaide\.vscode\extensions\redhat.java-1.54.0-win32-x64\jre\21.0.10-win32-x86_64\bin\msvcp140.dll
0x00007ffa1d5b0000 - 0x00007ffa1e351000 	c:\Users\jaide\.vscode\extensions\redhat.java-1.54.0-win32-x64\jre\21.0.10-win32-x86_64\bin\server\jvm.dll
0x00007ffaa6250000 - 0x00007ffaa6301000 	C:\Windows\System32\ADVAPI32.dll
0x00007ffaa6320000 - 0x00007ffaa63c8000 	C:\Windows\System32\sechost.dll
0x00007ffaa5970000 - 0x00007ffaa5998000 	C:\Windows\System32\bcrypt.dll
0x00007ffaa6070000 - 0x00007ffaa6184000 	C:\Windows\System32\RPCRT4.dll
0x00007ffaa6940000 - 0x00007ffaa69b1000 	C:\Windows\System32\WS2_32.dll
0x00007ffaa52f0000 - 0x00007ffaa533d000 	C:\Windows\SYSTEM32\POWRPROF.dll
0x00007ffa9f470000 - 0x00007ffa9f4a4000 	C:\Windows\SYSTEM32\WINMM.dll
0x00007ffa9f3d0000 - 0x00007ffa9f3da000 	C:\Windows\SYSTEM32\VERSION.dll
0x00007ffaa52d0000 - 0x00007ffaa52e3000 	C:\Windows\SYSTEM32\UMPDC.dll
0x00007ffaa4450000 - 0x00007ffaa4468000 	C:\Windows\SYSTEM32\kernel.appcore.dll
0x00007ffa8b5c0000 - 0x00007ffa8b5ca000 	c:\Users\jaide\.vscode\extensions\redhat.java-1.54.0-win32-x64\jre\21.0.10-win32-x86_64\bin\jimage.dll
0x00007ffaa2e00000 - 0x00007ffaa3033000 	C:\Windows\SYSTEM32\DBGHELP.DLL
0x00007ffaa65a0000 - 0x00007ffaa6933000 	C:\Windows\System32\combase.dll
0x00007ffaa7760000 - 0x00007ffaa7837000 	C:\Windows\System32\OLEAUT32.dll
0x00007ffa85b60000 - 0x00007ffa85b92000 	C:\Windows\SYSTEM32\dbgcore.DLL
0x00007ffaa5a20000 - 0x00007ffaa5a9b000 	C:\Windows\System32\bcryptPrimitives.dll
0x00007ffaa2110000 - 0x00007ffaa211f000 	c:\Users\jaide\.vscode\extensions\redhat.java-1.54.0-win32-x64\jre\21.0.10-win32-x86_64\bin\instrument.dll
0x00007ffa6bf60000 - 0x00007ffa6bf80000 	c:\Users\jaide\.vscode\extensions\redhat.java-1.54.0-win32-x64\jre\21.0.10-win32-x86_64\bin\java.dll
0x00007ffaa6ad0000 - 0x00007ffaa7372000 	C:\Windows\System32\SHELL32.dll
0x00007ffaa5420000 - 0x00007ffaa555f000 	C:\Windows\System32\wintypes.dll
0x00007ffaa3350000 - 0x00007ffaa3c6d000 	C:\Windows\SYSTEM32\windows.storage.dll
0x00007ffaa78d0000 - 0x00007ffaa79dc000 	C:\Windows\System32\SHCORE.dll
0x00007ffaa61e0000 - 0x00007ffaa6249000 	C:\Windows\System32\shlwapi.dll
0x00007ffaa5350000 - 0x00007ffaa537b000 	C:\Windows\SYSTEM32\profapi.dll
0x00007ffa6ab40000 - 0x00007ffa6ab58000 	c:\Users\jaide\.vscode\extensions\redhat.java-1.54.0-win32-x64\jre\21.0.10-win32-x86_64\bin\zip.dll
0x00007ffa83c70000 - 0x00007ffa83c80000 	C:\Users\jaide\.vscode\extensions\redhat.java-1.54.0-win32-x64\jre\21.0.10-win32-x86_64\bin\net.dll
0x00007ffa9dc30000 - 0x00007ffa9dd5c000 	C:\Windows\SYSTEM32\WINHTTP.dll
0x00007ffaa48d0000 - 0x00007ffaa4939000 	C:\Windows\system32\mswsock.dll
0x00007ffa6bb60000 - 0x00007ffa6bb76000 	C:\Users\jaide\.vscode\extensions\redhat.java-1.54.0-win32-x64\jre\21.0.10-win32-x86_64\bin\nio.dll
0x00007ffaa20f0000 - 0x00007ffaa2100000 	c:\Users\jaide\.vscode\extensions\redhat.java-1.54.0-win32-x64\jre\21.0.10-win32-x86_64\bin\verify.dll
0x00007ffa79b00000 - 0x00007ffa79b45000 	C:\Users\jaide\AppData\Roaming\Code\User\globalStorage\redhat.java\1.54.0\config_win\org.eclipse.equinox.launcher\org.eclipse.equinox.launcher.win32.win32.x86_64_1.3.0.v20260203-2149\eclipse_11919.dll
0x00007ffaa8150000 - 0x00007ffaa82f0000 	C:\Windows\System32\ole32.dll
0x00007ffaa4b30000 - 0x00007ffaa4b4b000 	C:\Windows\SYSTEM32\CRYPTSP.dll
0x00007ffaa43b0000 - 0x00007ffaa43e7000 	C:\Windows\system32\rsaenh.dll
0x00007ffaa49c0000 - 0x00007ffaa49e8000 	C:\Windows\SYSTEM32\USERENV.dll
0x00007ffaa4b20000 - 0x00007ffaa4b2c000 	C:\Windows\SYSTEM32\CRYPTBASE.dll
0x00007ffaa3f10000 - 0x00007ffaa3f3d000 	C:\Windows\SYSTEM32\IPHLPAPI.DLL
0x00007ffaa6310000 - 0x00007ffaa6319000 	C:\Windows\System32\NSI.dll
0x00007ffa79a10000 - 0x00007ffa79a59000 	C:\Users\jaide\AppData\Local\Temp\jna-100887059\jna7822769238149278756.dll
0x00007ffaa7e80000 - 0x00007ffaa7e88000 	C:\Windows\System32\PSAPI.DLL
0x00007ffa9db70000 - 0x00007ffa9db89000 	C:\Windows\SYSTEM32\dhcpcsvc6.DLL
0x00007ffa9db50000 - 0x00007ffa9db6f000 	C:\Windows\SYSTEM32\dhcpcsvc.DLL
0x00007ffa79f50000 - 0x00007ffa79f77000 	C:\Users\jaide\.gradle\native\1def1411415f61bf3af743bc5b6707747c0891f09f0c88961ee8f79bc544acac\windows-amd64\native-platform.dll
0x00007ffaa20e0000 - 0x00007ffaa20ea000 	C:\Users\jaide\.vscode\extensions\redhat.java-1.54.0-win32-x64\jre\21.0.10-win32-x86_64\bin\management.dll
0x00007ffaa1f70000 - 0x00007ffaa1f7c000 	C:\Users\jaide\.vscode\extensions\redhat.java-1.54.0-win32-x64\jre\21.0.10-win32-x86_64\bin\management_ext.dll

JVMTI agents:
c:\Users\jaide\.vscode\extensions\redhat.java-1.54.0-win32-x64\lombok\lombok-1.18.39-4050.jar path:c:\Users\jaide\.vscode\extensions\redhat.java-1.54.0-win32-x64\jre\21.0.10-win32-x86_64\bin\instrument.dll, loaded, initialized, instrumentlib options:none

dbghelp: loaded successfully - version: 4.0.5 - missing functions: none
symbol engine: initialized successfully - sym options: 0x614 - pdb path: .;c:\Users\jaide\.vscode\extensions\redhat.java-1.54.0-win32-x64\jre\21.0.10-win32-x86_64\bin;C:\Windows\SYSTEM32;C:\Windows\WinSxS\amd64_microsoft.windows.common-controls_6595b64144ccf1df_6.0.22621.5547_none_27104afb73855772;c:\Users\jaide\.vscode\extensions\redhat.java-1.54.0-win32-x64\jre\21.0.10-win32-x86_64\bin\server;C:\Users\jaide\AppData\Roaming\Code\User\globalStorage\redhat.java\1.54.0\config_win\org.eclipse.equinox.launcher\org.eclipse.equinox.launcher.win32.win32.x86_64_1.3.0.v20260203-2149;C:\Users\jaide\AppData\Local\Temp\jna-100887059;C:\Users\jaide\.gradle\native\1def1411415f61bf3af743bc5b6707747c0891f09f0c88961ee8f79bc544acac\windows-amd64

VM Arguments:
jvm_args: --add-modules=ALL-SYSTEM --add-opens=java.base/java.util=ALL-UNNAMED --add-opens=java.base/java.lang=ALL-UNNAMED --add-opens=java.base/sun.nio.fs=ALL-UNNAMED -Declipse.application=org.eclipse.jdt.ls.core.id1 -Dosgi.bundles.defaultStartLevel=4 -Declipse.product=org.eclipse.jdt.ls.core.product -Djava.import.generatesMetadataFilesAtProjectRoot=false -DDetectVMInstallationsJob.disabled=true -Dfile.encoding=utf8 -XX:+UseParallelGC -XX:GCTimeRatio=4 -XX:AdaptiveSizePolicyWeight=90 -Dsun.zip.disableMemoryMapping=true -Xmx2G -Xms100m -Xlog:disable -javaagent:c:\Users\jaide\.vscode\extensions\redhat.java-1.54.0-win32-x64\lombok\lombok-1.18.39-4050.jar -XX:+HeapDumpOnOutOfMemoryError -XX:HeapDumpPath=c:\Users\jaide\AppData\Roaming\Code\User\workspaceStorage\94058e322d666332ccf250e53747a0c0\redhat.java -Daether.dependencyCollector.impl=bf 
java_command: c:\Users\jaide\.vscode\extensions\redhat.java-1.54.0-win32-x64\server\plugins\org.eclipse.equinox.launcher_1.7.100.v20251111-0406.jar -configuration c:\Users\jaide\AppData\Roaming\Code\User\globalStorage\redhat.java\1.54.0\config_win -data c:\Users\jaide\AppData\Roaming\Code\User\workspaceStorage\94058e322d666332ccf250e53747a0c0\redhat.java\jdt_ws --pipe=\\.\pipe\lsp-ee3667b08cd250f217e818e1c63e1fab-sock
java_class_path (initial): c:\Users\jaide\.vscode\extensions\redhat.java-1.54.0-win32-x64\server\plugins\org.eclipse.equinox.launcher_1.7.100.v20251111-0406.jar
Launcher Type: SUN_STANDARD

[Global flags]
    uintx AdaptiveSizePolicyWeight                 = 90                                        {product} {command line}
     intx CICompilerCount                          = 2                                         {product} {ergonomic}
    uintx GCTimeRatio                              = 4                                         {product} {command line}
     bool HeapDumpOnOutOfMemoryError               = true                                   {manageable} {command line}
    ccstr HeapDumpPath                             = c:\Users\jaide\AppData\Roaming\Code\User\workspaceStorage\94058e322d666332ccf250e53747a0c0\redhat.java         {manageable} {command line}
   size_t InitialHeapSize                          = 104857600                                 {product} {command line}
   size_t MaxHeapSize                              = 2147483648                                {product} {command line}
   size_t MaxNewSize                               = 715653120                                 {product} {ergonomic}
   size_t MinHeapDeltaBytes                        = 524288                                    {product} {ergonomic}
   size_t MinHeapSize                              = 104857600                                 {product} {command line}
   size_t NewSize                                  = 34603008                                  {product} {ergonomic}
    uintx NonNMethodCodeHeapSize                   = 5826188                                {pd product} {ergonomic}
    uintx NonProfiledCodeHeapSize                  = 122916026                              {pd product} {ergonomic}
   size_t OldSize                                  = 70254592                                  {product} {ergonomic}
    uintx ProfiledCodeHeapSize                     = 122916026                              {pd product} {ergonomic}
    uintx ReservedCodeCacheSize                    = 251658240                              {pd product} {ergonomic}
     bool SegmentedCodeCache                       = true                                      {product} {ergonomic}
   size_t SoftMaxHeapSize                          = 2147483648                             {manageable} {ergonomic}
     bool UseCompressedOops                        = true                           {product lp64_product} {ergonomic}
     bool UseLargePagesIndividualAllocation        = false                                  {pd product} {ergonomic}
     bool UseParallelGC                            = true                                      {product} {command line}

Logging:
Log output configuration:
 #0: stdout all=off uptime,level,tags foldmultilines=false
 #1: stderr all=off uptime,level,tags foldmultilines=false

Release file:
JAVA_VERSION="21.0.10" 
MODULES="java.base java.compiler java.datatransfer java.xml java.prefs java.desktop java.instrument java.logging java.management java.security.sasl java.naming java.rmi java.management.rmi java.net.http java.scripting java.security.jgss java.transaction.xa java.sql java.sql.rowset java.xml.crypto java.se java.smartcardio jdk.accessibility jdk.internal.jvmstat jdk.attach jdk.charsets jdk.internal.opt jdk.zipfs jdk.compiler jdk.crypto.ec jdk.crypto.cryptoki jdk.crypto.mscapi jdk.dynalink jdk.internal.ed jdk.editpad jdk.hotspot.agent jdk.httpserver jdk.internal.le jdk.internal.vm.ci jdk.internal.vm.compiler jdk.internal.vm.compiler.management jdk.jartool jdk.javadoc jdk.jcmd jdk.management jdk.management.agent jdk.jconsole jdk.jdeps jdk.jdwp.agent jdk.jdi jdk.jfr jdk.jshell jdk.jsobject jdk.jstatd jdk.localedata jdk.management.jfr jdk.naming.dns jdk.naming.rmi jdk.net jdk.nio.mapmode jdk.random jdk.sctp jdk.security.auth jdk.security.jgss jdk.unsupported jdk.unsupported.desktop jdk.xml.dom" 

Environment Variables:
PATH=C:\Program Files\Common Files\Oracle\Java\javapath;C:\Program Files (x86)\Common Files\Oracle\Java\javapath;C:\Windows\system32;C:\Windows;C:\Windows\System32\Wbem;C:\Windows\System32\WindowsPowerShell\v1.0\;C:\Windows\System32\OpenSSH\;C:\Program Files\Git\cmd;C:\Program Files\dotnet\;C:\Windows\system32\config\systemprofile\AppData\Local\Muse Hub\lib;C:\Program Files\nodejs\;C:\Users\jaide\AppData\Local\Programs\Python\Python312\Scripts\;C:\Users\jaide\AppData\Local\Programs\Python\Python312\;C:\Users\jaide\AppData\Local\Programs\Python\Launcher\;C:\Users\jaide\AppData\Local\Microsoft\WindowsApps;C:\flutter\bin;C:\Users\jaide\AppData\Local\Android\Sdk\platforms;C:\Users\jaide\AppData\Local\Android\Sdk\platform-tools;C:\Users\jaide\AppData\Local\Programs\Microsoft VS Code\bin;C:\Users\jaide\AppData\Local\Programs\MiKTeX\miktex\bin\x64\;C:\Users\jaide\AppData\Local\Muse Hub\lib;C:\Users\jaide\AppData\Roaming\npm
USERNAME=jaide
OS=Windows_NT
PROCESSOR_IDENTIFIER=Intel64 Family 6 Model 122 Stepping 8, GenuineIntel
TMP=C:\Users\jaide\AppData\Local\Temp
TEMP=C:\Users\jaide\AppData\Local\Temp




Periodic native trim disabled

---------------  S Y S T E M  ---------------

OS:
 Windows 11 , 64 bit Build 22621 (10.0.22621.5415)
OS uptime: 0 days 5:08 hours

CPU: total 2 (initial active 2) (2 cores per cpu, 1 threads per core) family 6 model 122 stepping 8 microcode 0x18, cx8, cmov, fxsr, mmx, 3dnowpref, sse, sse2, sse3, ssse3, sse4.1, sse4.2, popcnt, tsc, tscinvbit, aes, erms, clmul, sha, clflush, clflushopt, rdtscp, rdpid
Processor Information for the first 2 processors :
  Max Mhz: 1101, Current Mhz: 1101, Mhz Limit: 1101

Memory: 4k page, system-wide physical 3858M (282M free)
TotalPageFile size 8438M (AvailPageFile size 5M)
current process WorkingSet (physical memory assigned to process): 294M, peak: 297M
current process commit charge ("private bytes"): 376M, peak: 377M

vm_info: OpenJDK 64-Bit Server VM (21.0.10+7-LTS) for windows-amd64 JRE (21.0.10+7-LTS), built on 2026-01-20T00:00:00Z by "admin" with MS VC++ 17.12 (VS2022)

END.
